Unity Editor by Unity Technologies [version: Unity 2018.2.10f1_674aa5a67ed5]

Unity.exe caused an Access Violation (0xc0000005)
  in module Unity.exe at 0033:42110c90.

Error occurred at 2018-12-18_192050.
C:\Program Files\Unity\Editor\Unity.exe, run by sabot.

40% physical memory in use.
32630 MB physical memory [19387 MB free].
2107 MB process peak paging file [1797 MB used].
1414 MB process peak working set [1164 MB used].
System Commit Total/Limit/Peak: 16977MB/39540MB/20630MB
System Physical Total/Available: 32630MB/19387MB
System Process Count: 242
System Thread Count: 2997
System Handle Count: 103559
Disk space data for 'C:\Users\sabot\AppData\Local\Temp\Unity\Editor\Crashes\Crash_2018-12-19_002047830\': 213949960192 bytes free of 495681794048 total.

Write to location 0000000000000476 caused an access violation.

Context:
RDI:    0x0000000008e3e8b8  RSI: 0x0000000000000001  RAX:   0x0000000000000000
RBX:    0x0000000000000001  RCX: 0x0000000000000000  RDX:   0x0000000000000001
RIP:    0x0000000142110c90  RBP: 0x000000000c77e2e0  SegCs: 0x0000000000000033
EFlags: 0x0000000000010246  RSP: 0x000000000c77e188  SegSs: 0x000000000000002b
R8:     0x343a30323a39315b  R9:  0x0000000140000000  R10:   0x000000000c77e420
R11:    0x000000000c77e0c8  R12: 0x0000000000000032  R13:   0x0000000005cbbe00
R14:    0x0000000000000031  R15: 0x0000000000000001


Bytes at CS:EIP:
88 91 76 04 00 00 c3 cc cc cc cc cc cc cc cc cc 

*** WARNING ***
Managed call stack frames will be incorrect or missing.
The Mono DLL at 'C:\Program Files\Unity\Editor\Data\Mono\EmbedRuntime\mono.dll' does not provide out-of-process stack information support.
Upgrade to a newer version of the Mono Scripting Runtime for more detailed debug information.


Stack Trace of Crashed Thread 18300:
0x0000000142110C90 (Unity) profiling::ProfilerSession::SetEditorPaused
0x000000014144807F (Unity) PlayerLoopController::SetPaused
0x000000014135E139 (Unity) EditorMonoConsole::LogToConsoleImplementation
0x000000014135E4B9 (Unity) EditorMonoConsole::LogToConsoleImplementation
0x00000001408B1D80 (Unity) DebugStringToFilePostprocessedStacktrace
0x00000001408B17D9 (Unity) DebugStringToFile
0x00000001421AE6A6 (Unity) TexturesD3D11Base::UploadTexture2D
0x00000001421A50EA (Unity) GfxDeviceD3D11Base::UploadTexture2D
0x000000014220C088 (Unity) GfxDeviceWorker::RunCommand
0x0000000142211CEB (Unity) GfxDeviceWorker::RunExt
0x0000000142211E24 (Unity) GfxDeviceWorker::RunGfxDeviceWorker
0x0000000140A87E68 (Unity) Thread::RunThreadWrapper
0x00007FF9A5383034 (KERNEL32) BaseThreadInitThunk
0x00007FF9A7AA3691 (ntdll) RtlUserThreadStart

Stacks for Running Threads:

Call Stack for Thread 17056:
0x00007FF9A7ACAA24 (ntdll) NtWaitForSingleObject
0x00007FF9A4099252 (KERNELBASE) WaitForSingleObjectEx
0x000000014220389F (Unity) GfxDeviceClient::FinishRendering
0x00000001409894DD (Unity) CleanupEngine
0x000000014143A826 (Unity) Application::CoreShutdown
0x0000000141449359 (Unity) Application::Terminate
0x00000001415C5AF3 (Unity) ContainerWindow::ContainerWndProc
0x00007FF9A6ED6D41 (USER32) CallWindowProcW
0x00007FF9A6ED6A1C (USER32) CallWindowProcW
0x00007FF9A6EE04D3 (USER32) IsWindowVisible
0x00007FF9A7ACE6B4 (ntdll) KiUserCallbackDispatcher
0x00007FF9A4C61164 (win32u) NtUserMessageCall
0x00007FF9A6ED46F6 (USER32) GetWindowTextW
0x00007FF9A6ED3ED2 (USER32) UpdateWindow
0x00007FF9A1C35C0A (uxtheme) HitTestThemeBackground
0x00007FF9A1C3F342 (uxtheme) Ordinal96
0x00007FF9A1C34A34 (uxtheme) HitTestThemeBackground
0x00007FF9A1C334E1 (uxtheme) HitTestThemeBackground
0x00007FF9A6ED4414 (USER32) GetWindowTextW
0x00000001415C65B3 (Unity) ContainerWindow::ContainerWndProc
0x00007FF9A6ED6D41 (USER32) CallWindowProcW
0x00007FF9A6ED6A1C (USER32) CallWindowProcW
0x00007FF9A6EE04D3 (USER32) IsWindowVisible
0x00007FF9A7ACE6B4 (ntdll) KiUserCallbackDispatcher
0x00007FF9A4C610A4 (win32u) NtUserPeekMessage
0x00007FF9A6ED86B3 (USER32) PeekMessageW
0x00007FF9A6ED9846 (USER32) PeekMessageA
0x00000001415E9D9E (Unity) MainMessageLoop
0x00000001415EC2C8 (Unity) WinMain
0x000000014243127A (Unity) __scrt_common_main_seh
0x00007FF9A5383034 (KERNEL32) BaseThreadInitThunk
0x00007FF9A7AA3691 (ntdll) RtlUserThreadStart


Call Stack for Thread 18408:
0x00007FF9A7ACAA24 (ntdll) NtWaitForSingleObject
0x00007FF9A4099252 (KERNELBASE) WaitForSingleObjectEx
0x0000000140B0A9B8 (Unity) profiling::Dispatcher::ThreadFunc
0x0000000140A87E68 (Unity) Thread::RunThreadWrapper
0x00007FF9A5383034 (KERNEL32) BaseThreadInitThunk
0x00007FF9A7AA3691 (ntdll) RtlUserThreadStart


Call Stack for Thread 12096:
0x00007FF9A7ACE2F4 (ntdll) ZwWaitForWorkViaWorkerFactory
0x00007FF9A7A56866 (ntdll) RtlReleaseSRWLockExclusive
0x00007FF9A5383034 (KERNEL32) BaseThreadInitThunk
0x00007FF9A7AA3691 (ntdll) RtlUserThreadStart


Call Stack for Thread 16080:
0x00007FF9A7ACE2F4 (ntdll) ZwWaitForWorkViaWorkerFactory
0x00007FF9A7A56866 (ntdll) RtlReleaseSRWLockExclusive
0x00007FF9A5383034 (KERNEL32) BaseThreadInitThunk
0x00007FF9A7AA3691 (ntdll) RtlUserThreadStart


Call Stack for Thread 17952:
0x00007FF9A7ACB4F4 (ntdll) NtWaitForMultipleObjects
0x00007FF9A40A6099 (KERNELBASE) WaitForMultipleObjectsEx
0x00007FF9A4EF4217 (combase) CoGetTreatAsClass
0x00007FF9A4EEDFF0 (combase) CoGetTreatAsClass
0x00007FF9A4EF1671 (combase) CoGetTreatAsClass
0x00007FF9A4F86D4C (combase) CoRegisterPSClsid
0x00007FF9A5383034 (KERNEL32) BaseThreadInitThunk
0x00007FF9A7AA3691 (ntdll) RtlUserThreadStart


Call Stack for Thread 18304:
0x00007FF9A7ACAAC4 (ntdll) NtRemoveIoCompletion
0x00007FF9A35CF338 (MSWSOCK) Tcpip6_WSHStringToAddress
0x00007FF9A5383034 (KERNEL32) BaseThreadInitThunk
0x00007FF9A7AA3691 (ntdll) RtlUserThreadStart


Call Stack for Thread 12300:
0x00007FF9A7ACAAC4 (ntdll) NtRemoveIoCompletion
0x00007FF9A40B3642 (KERNELBASE) GetQueuedCompletionStatus
0x00007FF946BFE797 (libcef) IsSandboxedProcess
0x00007FF9A5383034 (KERNEL32) BaseThreadInitThunk
0x00007FF9A7AA3691 (ntdll) RtlUserThreadStart


Call Stack for Thread 1364:
0x00007FF9A7ACE2F4 (ntdll) ZwWaitForWorkViaWorkerFactory
0x00007FF9A7A56866 (ntdll) RtlReleaseSRWLockExclusive
0x00007FF9A5383034 (KERNEL32) BaseThreadInitThunk
0x00007FF9A7AA3691 (ntdll) RtlUserThreadStart


Call Stack for Thread 4668:
0x00007FF9A7ACE2F4 (ntdll) ZwWaitForWorkViaWorkerFactory
0x00007FF9A7A56866 (ntdll) RtlReleaseSRWLockExclusive
0x00007FF9A5383034 (KERNEL32) BaseThreadInitThunk
0x00007FF9A7AA3691 (ntdll) RtlUserThreadStart


Call Stack for Thread 12004:
0x00007FF9A7ACE2F4 (ntdll) ZwWaitForWorkViaWorkerFactory
0x00007FF9A7A56866 (ntdll) RtlReleaseSRWLockExclusive
0x00007FF9A5383034 (KERNEL32) BaseThreadInitThunk
0x00007FF9A7AA3691 (ntdll) RtlUserThreadStart


Call Stack for Thread 17804:
0x00007FF9A7ACE2F4 (ntdll) ZwWaitForWorkViaWorkerFactory
0x00007FF9A7A56866 (ntdll) RtlReleaseSRWLockExclusive
0x00007FF9A5383034 (KERNEL32) BaseThreadInitThunk
0x00007FF9A7AA3691 (ntdll) RtlUserThreadStart


Call Stack for Thread 10600:
0x00007FF9A7ACE2F4 (ntdll) ZwWaitForWorkViaWorkerFactory
0x00007FF9A7A56866 (ntdll) RtlReleaseSRWLockExclusive
0x00007FF9A5383034 (KERNEL32) BaseThreadInitThunk
0x00007FF9A7AA3691 (ntdll) RtlUserThreadStart


Call Stack for Thread 2208:
0x00007FF9A7ACAA24 (ntdll) NtWaitForSingleObject
0x00007FF9A4099252 (KERNELBASE) WaitForSingleObjectEx
0x00000001408ABA24 (Unity) JobQueue::ProcessJobs
0x00000001408AD859 (Unity) JobQueue::WorkLoop
0x0000000140A87E68 (Unity) Thread::RunThreadWrapper
0x00007FF9A5383034 (KERNEL32) BaseThreadInitThunk
0x00007FF9A7AA3691 (ntdll) RtlUserThreadStart


Call Stack for Thread 16936:
0x00007FF9A7ACAA24 (ntdll) NtWaitForSingleObject
0x00007FF9A4099252 (KERNELBASE) WaitForSingleObjectEx
0x00000001408ABA24 (Unity) JobQueue::ProcessJobs
0x00000001408AD859 (Unity) JobQueue::WorkLoop
0x0000000140A87E68 (Unity) Thread::RunThreadWrapper
0x00007FF9A5383034 (KERNEL32) BaseThreadInitThunk
0x00007FF9A7AA3691 (ntdll) RtlUserThreadStart


Call Stack for Thread 2152:
0x00007FF9A7ACAA24 (ntdll) NtWaitForSingleObject
0x00007FF9A4099252 (KERNELBASE) WaitForSingleObjectEx
0x00000001408ABA24 (Unity) JobQueue::ProcessJobs
0x00000001408AD859 (Unity) JobQueue::WorkLoop
0x0000000140A87E68 (Unity) Thread::RunThreadWrapper
0x00007FF9A5383034 (KERNEL32) BaseThreadInitThunk
0x00007FF9A7AA3691 (ntdll) RtlUserThreadStart


Call Stack for Thread 5708:
0x00007FF9A7ACAA24 (ntdll) NtWaitForSingleObject
0x00007FF9A4099252 (KERNELBASE) WaitForSingleObjectEx
0x00000001408ABA24 (Unity) JobQueue::ProcessJobs
0x00000001408AD859 (Unity) JobQueue::WorkLoop
0x0000000140A87E68 (Unity) Thread::RunThreadWrapper
0x00007FF9A5383034 (KERNEL32) BaseThreadInitThunk
0x00007FF9A7AA3691 (ntdll) RtlUserThreadStart


Call Stack for Thread 14580:
0x00007FF9A7ACAA24 (ntdll) NtWaitForSingleObject
0x00007FF9A4099252 (KERNELBASE) WaitForSingleObjectEx
0x00000001408ABA24 (Unity) JobQueue::ProcessJobs
0x00000001408AD859 (Unity) JobQueue::WorkLoop
0x0000000140A87E68 (Unity) Thread::RunThreadWrapper
0x00007FF9A5383034 (KERNEL32) BaseThreadInitThunk
0x00007FF9A7AA3691 (ntdll) RtlUserThreadStart


Call Stack for Thread 15408:
0x00007FF9A7ACAA24 (ntdll) NtWaitForSingleObject
0x00007FF9A4099252 (KERNELBASE) WaitForSingleObjectEx
0x00000001408ABA24 (Unity) JobQueue::ProcessJobs
0x00000001408AD859 (Unity) JobQueue::WorkLoop
0x0000000140A87E68 (Unity) Thread::RunThreadWrapper
0x00007FF9A5383034 (KERNEL32) BaseThreadInitThunk
0x00007FF9A7AA3691 (ntdll) RtlUserThreadStart


Call Stack for Thread 16428:
0x00007FF9A7ACAA24 (ntdll) NtWaitForSingleObject
0x00007FF9A4099252 (KERNELBASE) WaitForSingleObjectEx
0x00000001408ABA24 (Unity) JobQueue::ProcessJobs
0x00000001408AD859 (Unity) JobQueue::WorkLoop
0x0000000140A87E68 (Unity) Thread::RunThreadWrapper
0x00007FF9A5383034 (KERNEL32) BaseThreadInitThunk
0x00007FF9A7AA3691 (ntdll) RtlUserThreadStart


Call Stack for Thread 11068:
0x00007FF9A7ACAA24 (ntdll) NtWaitForSingleObject
0x00007FF9A4099252 (KERNELBASE) WaitForSingleObjectEx
0x00000001408ABA24 (Unity) JobQueue::ProcessJobs
0x00000001408AD859 (Unity) JobQueue::WorkLoop
0x0000000140A87E68 (Unity) Thread::RunThreadWrapper
0x00007FF9A5383034 (KERNEL32) BaseThreadInitThunk
0x00007FF9A7AA3691 (ntdll) RtlUserThreadStart


Call Stack for Thread 1168:
0x00007FF9A7ACAA24 (ntdll) NtWaitForSingleObject
0x00007FF9A4099252 (KERNELBASE) WaitForSingleObjectEx
0x00000001408ABA24 (Unity) JobQueue::ProcessJobs
0x00000001408AD859 (Unity) JobQueue::WorkLoop
0x0000000140A87E68 (Unity) Thread::RunThreadWrapper
0x00007FF9A5383034 (KERNEL32) BaseThreadInitThunk
0x00007FF9A7AA3691 (ntdll) RtlUserThreadStart


Call Stack for Thread 18316:
0x00007FF9A7ACAA24 (ntdll) NtWaitForSingleObject
0x00007FF9A4099252 (KERNELBASE) WaitForSingleObjectEx
0x00000001408ABA24 (Unity) JobQueue::ProcessJobs
0x00000001408AD859 (Unity) JobQueue::WorkLoop
0x0000000140A87E68 (Unity) Thread::RunThreadWrapper
0x00007FF9A5383034 (KERNEL32) BaseThreadInitThunk
0x00007FF9A7AA3691 (ntdll) RtlUserThreadStart


Call Stack for Thread 6192:
0x00007FF9A7ACAA24 (ntdll) NtWaitForSingleObject
0x00007FF9A4099252 (KERNELBASE) WaitForSingleObjectEx
0x00000001408ABA24 (Unity) JobQueue::ProcessJobs
0x00000001408AD859 (Unity) JobQueue::WorkLoop
0x0000000140A87E68 (Unity) Thread::RunThreadWrapper
0x00007FF9A5383034 (KERNEL32) BaseThreadInitThunk
0x00007FF9A7AA3691 (ntdll) RtlUserThreadStart


Call Stack for Thread 15580:
0x00007FF9A7ACAA24 (ntdll) NtWaitForSingleObject
0x00007FF9A4099252 (KERNELBASE) WaitForSingleObjectEx
0x00000001408ABA24 (Unity) JobQueue::ProcessJobs
0x00000001408AD859 (Unity) JobQueue::WorkLoop
0x0000000140A87E68 (Unity) Thread::RunThreadWrapper
0x00007FF9A5383034 (KERNEL32) BaseThreadInitThunk
0x00007FF9A7AA3691 (ntdll) RtlUserThreadStart


Call Stack for Thread 16856:
0x00007FF9A7ACAA24 (ntdll) NtWaitForSingleObject
0x00007FF9A4099252 (KERNELBASE) WaitForSingleObjectEx
0x00000001408ABA24 (Unity) JobQueue::ProcessJobs
0x00000001408AD859 (Unity) JobQueue::WorkLoop
0x0000000140A87E68 (Unity) Thread::RunThreadWrapper
0x00007FF9A5383034 (KERNEL32) BaseThreadInitThunk
0x00007FF9A7AA3691 (ntdll) RtlUserThreadStart


Call Stack for Thread 2772:
0x00007FF9A7ACAA24 (ntdll) NtWaitForSingleObject
0x00007FF9A4099252 (KERNELBASE) WaitForSingleObjectEx
0x00000001408ABA24 (Unity) JobQueue::ProcessJobs
0x00000001408AD859 (Unity) JobQueue::WorkLoop
0x0000000140A87E68 (Unity) Thread::RunThreadWrapper
0x00007FF9A5383034 (KERNEL32) BaseThreadInitThunk
0x00007FF9A7AA3691 (ntdll) RtlUserThreadStart


Call Stack for Thread 2080:
0x00007FF9A7ACAA24 (ntdll) NtWaitForSingleObject
0x00007FF9A4099252 (KERNELBASE) WaitForSingleObjectEx
0x00000001408ABA24 (Unity) JobQueue::ProcessJobs
0x00000001408AD859 (Unity) JobQueue::WorkLoop
0x0000000140A87E68 (Unity) Thread::RunThreadWrapper
0x00007FF9A5383034 (KERNEL32) BaseThreadInitThunk
0x00007FF9A7AA3691 (ntdll) RtlUserThreadStart


Call Stack for Thread 18216:
0x00007FF9A7ACAA24 (ntdll) NtWaitForSingleObject
0x00007FF9A4099252 (KERNELBASE) WaitForSingleObjectEx
0x00000001408ABA24 (Unity) JobQueue::ProcessJobs
0x00000001408AD859 (Unity) JobQueue::WorkLoop
0x0000000140A87E68 (Unity) Thread::RunThreadWrapper
0x00007FF9A5383034 (KERNEL32) BaseThreadInitThunk
0x00007FF9A7AA3691 (ntdll) RtlUserThreadStart


Call Stack for Thread 13844:
0x00007FF9A7ACAA24 (ntdll) NtWaitForSingleObject
0x00007FF9A4099252 (KERNELBASE) WaitForSingleObjectEx
0x00000001408ABA24 (Unity) JobQueue::ProcessJobs
0x00000001408AD859 (Unity) JobQueue::WorkLoop
0x0000000140A87E68 (Unity) Thread::RunThreadWrapper
0x00007FF9A5383034 (KERNEL32) BaseThreadInitThunk
0x00007FF9A7AA3691 (ntdll) RtlUserThreadStart


Call Stack for Thread 3088:
0x00007FF9A7ACAA24 (ntdll) NtWaitForSingleObject
0x00007FF9A4099252 (KERNELBASE) WaitForSingleObjectEx
0x00000001408ABA24 (Unity) JobQueue::ProcessJobs
0x00000001408AD859 (Unity) JobQueue::WorkLoop
0x0000000140A87E68 (Unity) Thread::RunThreadWrapper
0x00007FF9A5383034 (KERNEL32) BaseThreadInitThunk
0x00007FF9A7AA3691 (ntdll) RtlUserThreadStart


Call Stack for Thread 16268:
0x00007FF9A7ACAA24 (ntdll) NtWaitForSingleObject
0x00007FF9A4099252 (KERNELBASE) WaitForSingleObjectEx
0x00000001408ABA24 (Unity) JobQueue::ProcessJobs
0x00000001408AD859 (Unity) JobQueue::WorkLoop
0x0000000140A87E68 (Unity) Thread::RunThreadWrapper
0x00007FF9A5383034 (KERNEL32) BaseThreadInitThunk
0x00007FF9A7AA3691 (ntdll) RtlUserThreadStart


Call Stack for Thread 17272:
0x00007FF9A7ACAA24 (ntdll) NtWaitForSingleObject
0x00007FF9A4099252 (KERNELBASE) WaitForSingleObjectEx
0x00000001408ABA24 (Unity) JobQueue::ProcessJobs
0x00000001408AD859 (Unity) JobQueue::WorkLoop
0x0000000140A87E68 (Unity) Thread::RunThreadWrapper
0x00007FF9A5383034 (KERNEL32) BaseThreadInitThunk
0x00007FF9A7AA3691 (ntdll) RtlUserThreadStart


Call Stack for Thread 1952:
0x00007FF9A7ACAA24 (ntdll) NtWaitForSingleObject
0x00007FF9A4099252 (KERNELBASE) WaitForSingleObjectEx
0x00000001408ABA24 (Unity) JobQueue::ProcessJobs
0x00000001408AD859 (Unity) JobQueue::WorkLoop
0x0000000140A87E68 (Unity) Thread::RunThreadWrapper
0x00007FF9A5383034 (KERNEL32) BaseThreadInitThunk
0x00007FF9A7AA3691 (ntdll) RtlUserThreadStart


Call Stack for Thread 17464:
0x00007FF9A7ACAA24 (ntdll) NtWaitForSingleObject
0x00007FF9A4099252 (KERNELBASE) WaitForSingleObjectEx
0x00000001408ABA24 (Unity) JobQueue::ProcessJobs
0x00000001408AD859 (Unity) JobQueue::WorkLoop
0x0000000140A87E68 (Unity) Thread::RunThreadWrapper
0x00007FF9A5383034 (KERNEL32) BaseThreadInitThunk
0x00007FF9A7AA3691 (ntdll) RtlUserThreadStart


Call Stack for Thread 5196:
0x00007FF9A7ACAA24 (ntdll) NtWaitForSingleObject
0x00007FF9A4099252 (KERNELBASE) WaitForSingleObjectEx
0x00000001408ABA24 (Unity) JobQueue::ProcessJobs
0x00000001408AD859 (Unity) JobQueue::WorkLoop
0x0000000140A87E68 (Unity) Thread::RunThreadWrapper
0x00007FF9A5383034 (KERNEL32) BaseThreadInitThunk
0x00007FF9A7AA3691 (ntdll) RtlUserThreadStart


Call Stack for Thread 16228:
0x00007FF9A7ACAA24 (ntdll) NtWaitForSingleObject
0x00007FF9A4099252 (KERNELBASE) WaitForSingleObjectEx
0x00000001408ABA24 (Unity) JobQueue::ProcessJobs
0x00000001408AD859 (Unity) JobQueue::WorkLoop
0x0000000140A87E68 (Unity) Thread::RunThreadWrapper
0x00007FF9A5383034 (KERNEL32) BaseThreadInitThunk
0x00007FF9A7AA3691 (ntdll) RtlUserThreadStart


Call Stack for Thread 14408:
0x00007FF9A7ACAA24 (ntdll) NtWaitForSingleObject
0x00007FF9A4099252 (KERNELBASE) WaitForSingleObjectEx
0x00000001408ABA24 (Unity) JobQueue::ProcessJobs
0x00000001408AD859 (Unity) JobQueue::WorkLoop
0x0000000140A87E68 (Unity) Thread::RunThreadWrapper
0x00007FF9A5383034 (KERNEL32) BaseThreadInitThunk
0x00007FF9A7AA3691 (ntdll) RtlUserThreadStart


Call Stack for Thread 704:
0x00007FF9A7ACAA24 (ntdll) NtWaitForSingleObject
0x00007FF9A4099252 (KERNELBASE) WaitForSingleObjectEx
0x00000001408ABA24 (Unity) JobQueue::ProcessJobs
0x00000001408AD859 (Unity) JobQueue::WorkLoop
0x0000000140A87E68 (Unity) Thread::RunThreadWrapper
0x00007FF9A5383034 (KERNEL32) BaseThreadInitThunk
0x00007FF9A7AA3691 (ntdll) RtlUserThreadStart


Call Stack for Thread 14940:
0x00007FF9A7ACAA24 (ntdll) NtWaitForSingleObject
0x00007FF9A4099252 (KERNELBASE) WaitForSingleObjectEx
0x00000001408ABA24 (Unity) JobQueue::ProcessJobs
0x00000001408AD859 (Unity) JobQueue::WorkLoop
0x0000000140A87E68 (Unity) Thread::RunThreadWrapper
0x00007FF9A5383034 (KERNEL32) BaseThreadInitThunk
0x00007FF9A7AA3691 (ntdll) RtlUserThreadStart


Call Stack for Thread 14608:
0x00007FF9A7ACAA24 (ntdll) NtWaitForSingleObject
0x00007FF9A4099252 (KERNELBASE) WaitForSingleObjectEx
0x0000000140A8AEE2 (Unity) ThreadedStreamBuffer::HandleOutOfBufferToReadFrom
0x0000000140A8B007 (Unity) ThreadedStreamBuffer::HandleOutOfBufferToReadFromMaybeWithProfiler
0x00000001408E6A8B (Unity) BatchDeleteStep2Threaded
0x0000000140A87E68 (Unity) Thread::RunThreadWrapper
0x00007FF9A5383034 (KERNEL32) BaseThreadInitThunk
0x00007FF9A7AA3691 (ntdll) RtlUserThreadStart


Call Stack for Thread 16144:
0x00007FF9A7ACAA24 (ntdll) NtWaitForSingleObject
0x00007FF9A4099252 (KERNELBASE) WaitForSingleObjectEx
0x00000001406EBF4A (Unity) AsyncReadManagerThreaded::ThreadEntry
0x00000001406EBD99 (Unity) AsyncReadManagerThreaded::StaticThreadEntry
0x0000000140A87E68 (Unity) Thread::RunThreadWrapper
0x00007FF9A5383034 (KERNEL32) BaseThreadInitThunk
0x00007FF9A7AA3691 (ntdll) RtlUserThreadStart


Call Stack for Thread 10412:
0x00007FF9A7ACAA24 (ntdll) NtWaitForSingleObject
0x00007FF9A35C6A42 (MSWSOCK) Tcpip4_WSHOpenSocket2
0x00007FF9A35CD359 (MSWSOCK) NSPStartup
0x00007FF9A54466D0 (WS2_32) select
0x00000001404DBCBF (Unity) ns_mgr_poll
0x000000014212C20E (Unity) RestService::HttpTransport::ServerThread
0x0000000140A87E68 (Unity) Thread::RunThreadWrapper
0x00007FF9A5383034 (KERNEL32) BaseThreadInitThunk
0x00007FF9A7AA3691 (ntdll) RtlUserThreadStart


Call Stack for Thread 4092:
0x00007FF9A7ACAA24 (ntdll) NtWaitForSingleObject
0x00007FF9A4099252 (KERNELBASE) WaitForSingleObjectEx
0x0000000142120B73 (Unity) RestService::RestMessageHandler::Entry
0x0000000140A87E68 (Unity) Thread::RunThreadWrapper
0x00007FF9A5383034 (KERNEL32) BaseThreadInitThunk
0x00007FF9A7AA3691 (ntdll) RtlUserThreadStart


Call Stack for Thread 16916:
0x00007FF9A7ACAA24 (ntdll) NtWaitForSingleObject
0x00007FF9A4099252 (KERNELBASE) WaitForSingleObjectEx
0x00000001429CC4EA (Unity) FMOD::OutputWASAPI::feederUpdate
0x00000001429CC43E (Unity) FMOD::OutputWASAPI::feederThreadCallback
0x000000014295D511 (Unity) FMOD::Thread::callback
0x0000000142B15575 (Unity) thread_start<unsigned int (__cdecl*)(void * __ptr64)>
0x00007FF9A5383034 (KERNEL32) BaseThreadInitThunk
0x00007FF9A7AA3691 (ntdll) RtlUserThreadStart


Call Stack for Thread 18220:
0x00007FF9A7ACAA24 (ntdll) NtWaitForSingleObject
0x00007FF9A4099252 (KERNELBASE) WaitForSingleObjectEx
0x00000001429AE4A5 (Unity) EnterMeteredSection
0x000000014295CA9A (Unity) FMOD_OS_Semaphore_Wait
0x000000014295D4F1 (Unity) FMOD::Thread::callback
0x0000000142B15575 (Unity) thread_start<unsigned int (__cdecl*)(void * __ptr64)>
0x00007FF9A5383034 (KERNEL32) BaseThreadInitThunk
0x00007FF9A7AA3691 (ntdll) RtlUserThreadStart


Call Stack for Thread 15292:
0x00007FF9A7ACB024 (ntdll) NtDelayExecution
0x00007FF9A40A5E9A (KERNELBASE) SleepEx
0x000000014295CC4A (Unity) FMOD_OS_Time_Sleep
0x000000014295D52A (Unity) FMOD::Thread::callback
0x0000000142B15575 (Unity) thread_start<unsigned int (__cdecl*)(void * __ptr64)>
0x00007FF9A5383034 (KERNEL32) BaseThreadInitThunk
0x00007FF9A7AA3691 (ntdll) RtlUserThreadStart


Call Stack for Thread 15944:
0x00007FF9A7ACAA24 (ntdll) NtWaitForSingleObject
0x00007FF9A4099252 (KERNELBASE) WaitForSingleObjectEx
0x00007FF940F49523 (nvwgf2umx) OpenAdapter12
0x00007FF940F4870D (nvwgf2umx) OpenAdapter12
0x00007FF940F404CD (nvwgf2umx) OpenAdapter12
0x00007FF94176527A (nvwgf2umx) NVAPI_Thunk
0x00007FF941ED99EC (nvwgf2umx) NVAPI_Thunk
0x00007FF9A5383034 (KERNEL32) BaseThreadInitThunk
0x00007FF9A7AA3691 (ntdll) RtlUserThreadStart


Call Stack for Thread 2816:
0x00007FF9A7ACAA24 (ntdll) NtWaitForSingleObject
0x00007FF9A4099252 (KERNELBASE) WaitForSingleObjectEx
0x00007FF94105965F (nvwgf2umx) OpenAdapter12
0x00007FF94105955F (nvwgf2umx) OpenAdapter12
0x00007FF941ED99EC (nvwgf2umx) NVAPI_Thunk
0x00007FF9A5383034 (KERNEL32) BaseThreadInitThunk
0x00007FF9A7AA3691 (ntdll) RtlUserThreadStart


Call Stack for Thread 16496:
0x00007FF9A7ACAA24 (ntdll) NtWaitForSingleObject
0x00007FF9A4099252 (KERNELBASE) WaitForSingleObjectEx
0x00007FF94105965F (nvwgf2umx) OpenAdapter12
0x00007FF94105955F (nvwgf2umx) OpenAdapter12
0x00007FF941ED99EC (nvwgf2umx) NVAPI_Thunk
0x00007FF9A5383034 (KERNEL32) BaseThreadInitThunk
0x00007FF9A7AA3691 (ntdll) RtlUserThreadStart


Call Stack for Thread 11220:
0x00007FF9A7ACAA24 (ntdll) NtWaitForSingleObject
0x00007FF9A4099252 (KERNELBASE) WaitForSingleObjectEx
0x00007FF94105965F (nvwgf2umx) OpenAdapter12
0x00007FF94105955F (nvwgf2umx) OpenAdapter12
0x00007FF941ED99EC (nvwgf2umx) NVAPI_Thunk
0x00007FF9A5383034 (KERNEL32) BaseThreadInitThunk
0x00007FF9A7AA3691 (ntdll) RtlUserThreadStart


Call Stack for Thread 15896:
0x00007FF9A7ACAA24 (ntdll) NtWaitForSingleObject
0x00007FF9A4099252 (KERNELBASE) WaitForSingleObjectEx
0x00007FF94105965F (nvwgf2umx) OpenAdapter12
0x00007FF94105955F (nvwgf2umx) OpenAdapter12
0x00007FF941ED99EC (nvwgf2umx) NVAPI_Thunk
0x00007FF9A5383034 (KERNEL32) BaseThreadInitThunk
0x00007FF9A7AA3691 (ntdll) RtlUserThreadStart


Call Stack for Thread 16956:
0x00007FF9A7ACAA24 (ntdll) NtWaitForSingleObject
0x00007FF9A4099252 (KERNELBASE) WaitForSingleObjectEx
0x00007FF94105965F (nvwgf2umx) OpenAdapter12
0x00007FF94105955F (nvwgf2umx) OpenAdapter12
0x00007FF941ED99EC (nvwgf2umx) NVAPI_Thunk
0x00007FF9A5383034 (KERNEL32) BaseThreadInitThunk
0x00007FF9A7AA3691 (ntdll) RtlUserThreadStart


Call Stack for Thread 8684:
0x00007FF9A7ACAA24 (ntdll) NtWaitForSingleObject
0x00007FF9A4099252 (KERNELBASE) WaitForSingleObjectEx
0x00007FF94105965F (nvwgf2umx) OpenAdapter12
0x00007FF94105955F (nvwgf2umx) OpenAdapter12
0x00007FF941ED99EC (nvwgf2umx) NVAPI_Thunk
0x00007FF9A5383034 (KERNEL32) BaseThreadInitThunk
0x00007FF9A7AA3691 (ntdll) RtlUserThreadStart


Call Stack for Thread 1352:
0x00007FF9A7ACAA24 (ntdll) NtWaitForSingleObject
0x00007FF9A4099252 (KERNELBASE) WaitForSingleObjectEx
0x00007FF9486EFFD6 (mono) [c:\buildslave\mono\build\mono\utils\mono-semaphore.c:138] mono_sem_timedwait 
0x00007FF94871880E (mono) [c:\buildslave\mono\build\mono\metadata\gc.c:1044] finalizer_thread 
0x00007FF948784097 (mono) [c:\buildslave\mono\build\mono\metadata\threads.c:706] start_wrapper 
0x00007FF94883A117 (mono) [c:\buildslave\mono\build\libgc\win32_threads.c:574] thread_start 
0x00007FF9A5383034 (KERNEL32) BaseThreadInitThunk
0x00007FF9A7AA3691 (ntdll) RtlUserThreadStart


Call Stack for Thread 5800:
0x00007FF9A7ACAA24 (ntdll) NtWaitForSingleObject
0x00007FF9A35C6A42 (MSWSOCK) Tcpip4_WSHOpenSocket2
0x00007FF9A35CECAC (MSWSOCK) Tcpip6_WSHStringToAddress
0x00007FF9A5446DCC (WS2_32) WSAAccept
0x00007FF9A5446CF2 (WS2_32) accept
0x00007FF9487AAF9F (mono) [c:\buildslave\mono\build\mono\mini\debugger-agent.c:1032] transport_accept 
0x00007FF9487B32FB (mono) [c:\buildslave\mono\build\mono\mini\debugger-agent.c:7455] wait_for_attach 
0x00007FF9487B6319 (mono) [c:\buildslave\mono\build\mono\mini\debugger-agent.c:7498] debugger_thread 
0x00007FF94883A117 (mono) [c:\buildslave\mono\build\libgc\win32_threads.c:574] thread_start 
0x00007FF9A5383034 (KERNEL32) BaseThreadInitThunk
0x00007FF9A7AA3691 (ntdll) RtlUserThreadStart


Call Stack for Thread 12712:
0x00007FF9A7ACAA24 (ntdll) NtWaitForSingleObject
0x00007FF9A4099252 (KERNELBASE) WaitForSingleObjectEx
0x00000001408ABA24 (Unity) JobQueue::ProcessJobs
0x00000001408AD859 (Unity) JobQueue::WorkLoop
0x0000000140A87E68 (Unity) Thread::RunThreadWrapper
0x00007FF9A5383034 (KERNEL32) BaseThreadInitThunk
0x00007FF9A7AA3691 (ntdll) RtlUserThreadStart


Call Stack for Thread 15092:
0x00007FF9A7ACAA24 (ntdll) NtWaitForSingleObject
0x00007FF9A4099252 (KERNELBASE) WaitForSingleObjectEx
0x00007FF94105965F (nvwgf2umx) OpenAdapter12
0x00007FF94105955F (nvwgf2umx) OpenAdapter12
0x00007FF941ED99EC (nvwgf2umx) NVAPI_Thunk
0x00007FF9A5383034 (KERNEL32) BaseThreadInitThunk
0x00007FF9A7AA3691 (ntdll) RtlUserThreadStart


Call Stack for Thread 17964:
0x00007FF9A7ACB4F4 (ntdll) NtWaitForMultipleObjects
0x00007FF9A40A6099 (KERNELBASE) WaitForMultipleObjectsEx
0x00007FF9A40A5F8E (KERNELBASE) WaitForMultipleObjects
0x00007FF94172EAE6 (nvwgf2umx) NVAPI_Thunk
0x00007FF94176527A (nvwgf2umx) NVAPI_Thunk
0x00007FF941ED99EC (nvwgf2umx) NVAPI_Thunk
0x00007FF9A5383034 (KERNEL32) BaseThreadInitThunk
0x00007FF9A7AA3691 (ntdll) RtlUserThreadStart


Call Stack for Thread 16748:
0x00007FF9A7ACAA24 (ntdll) NtWaitForSingleObject
0x00007FF9A4099252 (KERNELBASE) WaitForSingleObjectEx
0x00007FF94105965F (nvwgf2umx) OpenAdapter12
0x00007FF94105955F (nvwgf2umx) OpenAdapter12
0x00007FF941ED99EC (nvwgf2umx) NVAPI_Thunk
0x00007FF9A5383034 (KERNEL32) BaseThreadInitThunk
0x00007FF9A7AA3691 (ntdll) RtlUserThreadStart


Call Stack for Thread 18168:
0x00007FF9A7ACAA24 (ntdll) NtWaitForSingleObject
0x00007FF9A4099252 (KERNELBASE) WaitForSingleObjectEx
0x00007FF94105965F (nvwgf2umx) OpenAdapter12
0x00007FF94105955F (nvwgf2umx) OpenAdapter12
0x00007FF941ED99EC (nvwgf2umx) NVAPI_Thunk
0x00007FF9A5383034 (KERNEL32) BaseThreadInitThunk
0x00007FF9A7AA3691 (ntdll) RtlUserThreadStart


Call Stack for Thread 1524:
0x00007FF9A7ACAA24 (ntdll) NtWaitForSingleObject
0x00007FF9A4099252 (KERNELBASE) WaitForSingleObjectEx
0x00007FF94105965F (nvwgf2umx) OpenAdapter12
0x00007FF94105955F (nvwgf2umx) OpenAdapter12
0x00007FF941ED99EC (nvwgf2umx) NVAPI_Thunk
0x00007FF9A5383034 (KERNEL32) BaseThreadInitThunk
0x00007FF9A7AA3691 (ntdll) RtlUserThreadStart


Call Stack for Thread 15836:
0x00007FF9A7ACAA24 (ntdll) NtWaitForSingleObject
0x00007FF9A4099252 (KERNELBASE) WaitForSingleObjectEx
0x00007FF94105965F (nvwgf2umx) OpenAdapter12
0x00007FF94105955F (nvwgf2umx) OpenAdapter12
0x00007FF941ED99EC (nvwgf2umx) NVAPI_Thunk
0x00007FF9A5383034 (KERNEL32) BaseThreadInitThunk
0x00007FF9A7AA3691 (ntdll) RtlUserThreadStart


Call Stack for Thread 17596:
0x00007FF9A7ACAA24 (ntdll) NtWaitForSingleObject
0x00007FF9A4099252 (KERNELBASE) WaitForSingleObjectEx
0x00007FF94105965F (nvwgf2umx) OpenAdapter12
0x00007FF94105955F (nvwgf2umx) OpenAdapter12
0x00007FF941ED99EC (nvwgf2umx) NVAPI_Thunk
0x00007FF9A5383034 (KERNEL32) BaseThreadInitThunk
0x00007FF9A7AA3691 (ntdll) RtlUserThreadStart


Call Stack for Thread 6808:
0x00007FF9A7ACAA24 (ntdll) NtWaitForSingleObject
0x00007FF9A4099252 (KERNELBASE) WaitForSingleObjectEx
0x00007FF94105965F (nvwgf2umx) OpenAdapter12
0x00007FF94105955F (nvwgf2umx) OpenAdapter12
0x00007FF941ED99EC (nvwgf2umx) NVAPI_Thunk
0x00007FF9A5383034 (KERNEL32) BaseThreadInitThunk
0x00007FF9A7AA3691 (ntdll) RtlUserThreadStart


Call Stack for Thread 12524:
0x00007FF9A7ACAA24 (ntdll) NtWaitForSingleObject
0x00007FF9A4099252 (KERNELBASE) WaitForSingleObjectEx
0x0000000142665102 (Unity) Geo::GeoEvent::Wait
0x00000001425213CF (Unity) Enlighten::MultithreadCpuWorkerCommon::CommandThreadFunction
0x00007FF9A5383034 (KERNEL32) BaseThreadInitThunk
0x00007FF9A7AA3691 (ntdll) RtlUserThreadStart


Call Stack for Thread 18108:
0x00007FF9A7ACAA24 (ntdll) NtWaitForSingleObject
0x00007FF9A4099252 (KERNELBASE) WaitForSingleObjectEx
0x000000014217E063 (Unity) TUpdateFunction
0x0000000140A87E68 (Unity) Thread::RunThreadWrapper
0x00007FF9A5383034 (KERNEL32) BaseThreadInitThunk
0x00007FF9A7AA3691 (ntdll) RtlUserThreadStart


Call Stack for Thread 14540:
0x00007FF9A7ACAA24 (ntdll) NtWaitForSingleObject
0x00007FF9A4099252 (KERNELBASE) WaitForSingleObjectEx
0x000000014217E063 (Unity) TUpdateFunction
0x0000000140A87E68 (Unity) Thread::RunThreadWrapper
0x00007FF9A5383034 (KERNEL32) BaseThreadInitThunk
0x00007FF9A7AA3691 (ntdll) RtlUserThreadStart


Call Stack for Thread 4656:
0x00007FF9A7ACAA24 (ntdll) NtWaitForSingleObject
0x00007FF9A4099252 (KERNELBASE) WaitForSingleObjectEx
0x000000014217E063 (Unity) TUpdateFunction
0x0000000140A87E68 (Unity) Thread::RunThreadWrapper
0x00007FF9A5383034 (KERNEL32) BaseThreadInitThunk
0x00007FF9A7AA3691 (ntdll) RtlUserThreadStart


Call Stack for Thread 14332:
0x00007FF9A7ACAA24 (ntdll) NtWaitForSingleObject
0x00007FF9A4099252 (KERNELBASE) WaitForSingleObjectEx
0x00000001408ABA24 (Unity) JobQueue::ProcessJobs
0x00000001408AD859 (Unity) JobQueue::WorkLoop
0x0000000140A87E68 (Unity) Thread::RunThreadWrapper
0x00007FF9A5383034 (KERNEL32) BaseThreadInitThunk
0x00007FF9A7AA3691 (ntdll) RtlUserThreadStart


Call Stack for Thread 17080:
0x00007FF9A7ACB024 (ntdll) NtDelayExecution
0x00007FF9A40A5E9A (KERNELBASE) SleepEx
0x00000001401CCD68 (Unity) CurlRequest::MessageThread
0x00000001401CE4F9 (Unity) CurlRequest::_ThreadEntryPoint
0x0000000140A87E68 (Unity) Thread::RunThreadWrapper
0x00007FF9A5383034 (KERNEL32) BaseThreadInitThunk
0x00007FF9A7AA3691 (ntdll) RtlUserThreadStart




Stack Memory [0x000000000C77E188-0x000000000C780000]:
0x0c77e188: 4144807f 00000001 52bf1d60 00000000 ..DA....`..R....
0x0c77e198: 00000001 00000000 00000001 00000000 ................
0x0c77e1a8: 0c77e3a0 00000000 05cbbe00 00000000 ..w.............
0x0c77e1b8: 00000036 00000000 00000000 00000000 6...............
0x0c77e1c8: 08851330 00000000 0c77e2e0 00000000 0.........w.....
0x0c77e1d8: 4135e139 00000001 00000000 00000000 9.5A............
0x0c77e1e8: 08851440 00000000 08851480 00000000 @...............
0x0c77e1f8: 00000001 00000000 00000031 00000000 ........1.......
0x0c77e208: 52b9ea60 00000000 fffffffe ffffffff `..R............
0x0c77e218: 00000173 00000000 52bf1d60 00000000 s.......`..R....
0x0c77e228: 52bf94a0 00000000 00000001 00000000 ...R............
0x0c77e238: 00000000 00000000 00000044 00000000 ........D.......
0x0c77e248: 40582950 00000001 00000173 00000000 P)X@....s.......
0x0c77e258: 00000000 00000000 00000000 00000000 ................
0x0c77e268: 42b32b2c 00000001 00000000 00000000 ,+.B............
0x0c77e278: 42cd4130 00000001 00000116 00000000 0A.B............
0x0c77e288: 0c77e380 00000000 5ffd91f0 00000000 ..w........_....
0x0c77e298: fffffffe ffffffff 00000000 00000000 ................
0x0c77e2a8: 5ffd91f0 00000000 04edcb60 00000000 ..._....`.......
0x0c77e2b8: 0000006c 00000000 0c77e3d8 00000000 l.........w.....
0x0c77e2c8: 0000006c 00000000 00000000 ffffffff l...............
0x0c77e2d8: 00000044 00000000 31c37216 0000d309 D........r.1....
0x0c77e2e8: 00000116 00000000 00000001 00000000 ................
0x0c77e2f8: 12d66120 00000000 00000173 00000000  a......s.......
0x0c77e308: 00000000 00000000 00000043 00000000 ........C.......
0x0c77e318: 0c77e488 00000000 0c77e430 00000000 ..w.....0.w.....
0x0c77e328: 4135e4b9 00000001 12d66120 00000000 ..5A.... a......
0x0c77e338: 00000001 00000000 00000001 00000000 ................
0x0c77e348: 0c77e488 00000000 0000002f 00700070 ..w...../...p.p.
0x0c77e358: 004c0020 006e0069 003a0001 00000001  .L.i.n...:.....
0x0c77e368: 00000000 00000000 00000000 00000000 ................
0x0c77e378: 0000000d 00000001 5c198edf 00000000 ...........\....
0x0c77e388: 08851330 00000000 fffffffe ffffffff 0...............
0x0c77e398: 74204432 75747865 04edf1a0 00000000 2D textu........
0x0c77e3a8: 0000006c 00000000 3231353d 69656820 l.......=512 hei
0x0c77e3b8: 0000006c 00000000 00000000 ffffffff l...............
0x0c77e3c8: 00000044 323d746d 00000000 65204433 D...mt=2....3D e
0x0c77e3d8: 051586b0 00000000 00000043 00000000 ........C.......
0x0c77e3e8: 0a0a5d35 46280a20 00000043 00000000 5].. .(FC.......
0x0c77e3f8: 00000000 ffffffff 00000044 755c6576 ........D...ve\u
0x0c77e408: 00000173 00000001 00000000 00000000 s...............
0x0c77e418: 00000000 00000000 3a39315b 343a3032 ........[19:20:4
0x0c77e428: 54005d37 75747865 0000000a 00000000 7].Textu........
0x0c77e438: 00000000 ffffffff 00000044 0a293137 ........D...71).
0x0c77e448: 00000000 00000000 12d66270 00000000 ........pb......
0x0c77e458: 000000d6 00000000 00000000 ffffffff ................
0x0c77e468: 0000006c 00000000 00000000 ffffffff l...............
0x0c77e478: 00000001 ffffffff 00000000 00000000 ................
0x0c77e488: 3a39315b 343a3032 42005d37 00000001 [19:20:47].B....
0x0c77e498: 0000000a 00000000 00000000 ffffffff ................
0x0c77e4a8: 00000001 00000000 31c370c6 0000d309 .........p.1....
0x0c77e4b8: 0c77e710 00000000 42ce5d84 00000001 ..w......].B....
0x0c77e4c8: 00000000 00000000 00000200 00000000 ................
0x0c77e4d8: 00000000 00000000 408b22a0 00000001 .........".@....
0x0c77e4e8: 0c77e710 00000000 0c77e600 00000000 ..w.......w.....
0x0c77e4f8: 408b1d80 00000001 42dc48c0 00000001 ...@.....H.B....
0x0c77e508: 12d66180 00000000 0000006b 00000000 .a......k.......
0x0c77e518: 0c77e5f0 00000000 12d66120 00000000 ..w..... a......
0x0c77e528: 00000173 00000001 42dc48bc 00000001 s........H.B....
0x0c77e538: 00000116 00000000 0c77e7a8 00000000 ..........w.....
0x0c77e548: 00000002 00000000 fffffffe ffffffff ................
0x0c77e558: 00000000 00000000 ff000a0d ffffffff ................
0x0c77e568: 00000000 00000000 00000002 00000000 ................
0x0c77e578: 00000000 ffffffff 00000044 00000000 ........D.......
0x0c77e588: 12d66180 00000000 000000d6 00000000 .a..............
0x0c77e598: 00000000 00000000 0000006c 00000000 ........l.......
0x0c77e5a8: 00000000 ffffffff 00000001 0000d309 ................
0x0c77e5b8: 00000000 00000000 03ab000a 00000000 ................
0x0c77e5c8: 4057092d 00000001 00000001 00000000 -.W@............
0x0c77e5d8: 00000000 ffffffff 00000044 ffffffff ........D.......
0x0c77e5e8: 00000001 ffffffff 0c77e700 00000000 ..........w.....
0x0c77e5f8: 4057f3e0 00000001 fffffffe ffffffff ..W@............
0x0c77e608: 0000000a 00000000 0000006c 00000000 ........l.......
0x0c77e618: 445ebc20 00000001 00000001 00000000  .^D............
0x0c77e628: 445222e0 00000001 00000000 00000000 ."RD............
0x0c77e638: 04edf1a0 00000000 445e77e0 00000001 .........w^D....
0x0c77e648: 445ebc20 00000001 0c77e7f0 00000000  .^D......w.....
0x0c77e658: 4057cc6e 00000001 0c77e7f0 00000000 n.W@......w.....
0x0c77e668: 00000000 00000000 31c376f6 0000d309 .........v.1....
0x0c77e678: 00000000 00000000 00000200 00000000 ................
0x0c77e688: 00000000 00000000 4464d310 00000001 ..........dD....
0x0c77e698: 00000000 00000000 0c77e7b0 00000000 ..........w.....
0x0c77e6a8: 408b17d9 00000001 00000000 00000000 ...@............
0x0c77e6b8: 00000000 00000000 00000000 00000000 ................
0x0c77e6c8: 0000006b 00000000 0c77e800 00000000 k.........w.....
0x0c77e6d8: 0c77e738 00000000 00000001 00000200 8.w.............
0x0c77e6e8: 00000000 00000001 00000000 00000001 ................
0x0c77e6f8: 00000000 00000000 00000000 ffffffff ................
0x0c77e708: 00000006 00000000 04ecf620 00000000 ........ .......
0x0c77e718: 0c77e778 00000000 0c77e7a8 00000000 x.w.......w.....
0x0c77e728: 00000000 00000000 12d66120 00000000 ........ a......
0x0c77e738: 00000173 00000001 00000000 00000000 s...............
0x0c77e748: 00000000 00000000 0c3f0a01 00000000 ..........?.....
0x0c77e758: 00000000 00000000 fffffffe ffffffff ................
0x0c77e768: 4464d310 00000001 00000000 00000000 ..dD............
0x0c77e778: 00000000 00000000 00000030 00000000 ........0.......
0x0c77e788: 00000000 00000000 00000000 ffffffff ................
0x0c77e798: 00000001 00000001 00000000 00000000 ................
0x0c77e7a8: 00000000 00000000 00000200 00000000 ................
0x0c77e7b8: 00000000 00000000 00000000 ffffffff ................
0x0c77e7c8: 00000001 00000000 04edf1a0 00000000 ................
0x0c77e7d8: 0000006b 00000000 08e41b10 00000000 k...............
0x0c77e7e8: 0000006b 00000000 00000000 ffffffff k...............
0x0c77e7f8: 00000044 00000001 12d66120 00000000 D....... a......
0x0c77e808: 00000043 00000000 31c32c26 0000d309 C.......&,.1....
0x0c77e818: 00000043 00000000 00000000 ffffffff C...............
0x0c77e828: 00000001 00000000 31c37546 0000d309 ........Fu.1....
0x0c77e838: 40ac55c1 00000001 00000200 00000000 .U.@............
0x0c77e848: 00000000 00000000 00000001 00000000 ................
0x0c77e858: 00000001 00000000 0c77e970 00000000 ........p.w.....
0x0c77e868: 421ae6a6 00000001 af34ef10 00000000 ...B......4.....
0x0c77e878: 00000735 00000000 12c0f730 00000000 5.......0.......
0x0c77e888: 00000200 00000000 00000200 00000000 ................
0x0c77e898: 00000001 00000001 0000001c 00000000 ................
0x0c77e8a8: 887a0005 00007ff9 0c77e970 00000000 ..z.....p.w.....
0x0c77e8b8: 00000001 00000000 00000058 00000001 ........X.......
0x0c77e8c8: 00000000 00000000 04ecf620 00000000 ........ .......
0x0c77e8d8: 42cd4128 00000001 42cd4128 00000001 (A.B....(A.B....
0x0c77e8e8: 00000000 00000000 43235f70 00000001 ........p_#C....
0x0c77e8f8: 00000173 00000001 00000000 00000000 s...............
0x0c77e908: 00000000 00000000 0c3f0a01 00000000 ..........?.....
0x0c77e918: 421fcd54 00000001 00000008 00000000 T..B............
0x0c77e928: af34ef10 00000000 12c0f730 00000000 ..4.....0.......
0x0c77e938: 887a0005 00000000 42d5ada8 00000001 ..z........B....
0x0c77e948: 00000000 00000000 43236af0 00000001 .........j#C....
0x0c77e958: 1ab753b8 00000000 00000001 00000000 .S..............
0x0c77e968: 421a4410 00000001 03f645b0 00000000 .D.B.....E......
0x0c77e978: fffffffe ffffffff 00000200 00000200 ................
0x0c77e988: 00000001 00000001 0000001c 00000001 ................
0x0c77e998: 00000000 00000000 00000008 00000000 ................
0x0c77e9a8: 00000000 00000000 04ecf620 00000000 ........ .......
0x0c77e9b8: 0000006b 00000000 055c1570 00000000 k.......p.\.....
0x0c77e9c8: 0000006b 00000000 00000000 ffffffff k...............
0x0c77e9d8: 00000044 00007ff9 31c37b86 0000d309 D........{.1....
0x0c77e9e8: 0c3f0a40 00000000 07c54960 00000000 @.?.....`I......
0x0c77e9f8: 0c3f0a40 00000000 00000000 00000000 @.?.............
0x0c77ea08: 446cea08 00000001 00000002 00000000 ..lD............
0x0c77ea18: 421a50ea 00000001 00000735 00000000 .P.B....5.......
0x0c77ea28: af34ef10 00000000 1ab71d80 00000000 ..4.............
0x0c77ea38: 1ab76c9c 00000000 00000200 00000000 .l..............
0x0c77ea48: 00000200 00000000 00000058 00000000 ........X.......
0x0c77ea58: 00000001 00000001 00000003 00000000 ................
0x0c77ea68: 00000000 00000000 00000000 00000000 ................
0x0c77ea78: 4220c088 00000001 00000000 00000000 .. B............
0x0c77ea88: 0c77eb80 00000000 00100000 00000000 ..w.............
0x0c77ea98: 00000032 00000000 00100000 00000000 2...............
0x0c77eaa8: 00000200 00000000 00000200 00000000 ................
0x0c77eab8: 00000058 00000000 00000001 00000000 X...............
0x0c77eac8: 00000003 00000000 00000000 00000000 ................
0x0c77ead8: 00000000 00000000 00000001 00000000 ................
0x0c77eae8: 00000000 00000000 00000000 00000000 ................
0x0c77eaf8: 00000000 00000000 07c549b0 00000000 .........I......
0x0c77eb08: 446cea08 00000001 00000000 000000fc ..lD............
0x0c77eb18: 446cea08 00000001 401281b0 00000001 ..lD.......@....
0x0c77eb28: 446cea08 00000001 0036b818 0036b81c ..lD......6...6.
0x0c77eb38: 00000000 00000000 00000735 00000002 ........5.......
0x0c77eb48: 00100000 00000200 00000008 00000001 ................
0x0c77eb58: 00000001 00000000 0000071d 00000000 ................
0x0c77eb68: 00000000 00000001 00000000 00000000 ................
0x0c77eb78: 00000000 00000000 00000000 00000000 ................
0x0c77eb88: 00000000 00000000 00002761 00000000 ........a'......
0x0c77eb98: 07c54960 00000000 00000018 00000002 `I..............
0x0c77eba8: 00000010 00000036 00000000 00000000 ....6...........
0x0c77ebb8: 4bc55c80 00000000 ae6b2da0 00000000 .\.K.....-k.....
0x0c77ebc8: 00000028 00003fe2 00000000 00000000 (....?..........
0x0c77ebd8: 00000000 00000000 00000000 00000000 ................
0x0c77ebe8: 00000000 00000000 00000000 00000000 ................
0x0c77ebf8: 00000000 00000000 00000000 00000000 ................
0x0c77ec08: 00000000 00000000 00000000 00000000 ................
0x0c77ec18: 00000000 00000000 00000000 00000000 ................
0x0c77ec28: 00000000 00000000 00000000 00000000 ................
0x0c77ec38: 00000000 00000000 00000000 00000000 ................
0x0c77ec48: 00000000 00000000 00000000 00000000 ................
0x0c77ec58: 00000000 00000000 00000000 00000000 ................
0x0c77ec68: 00000000 00000000 00000000 00000000 ................
0x0c77ec78: 00000000 00000000 00000000 00000000 ................
0x0c77ec88: 00000000 00000000 00000000 00000000 ................
0x0c77ec98: 00000000 00000000 00000000 00000000 ................
0x0c77eca8: 00000000 00000000 00000000 00000000 ................
0x0c77ecb8: 00000000 00000000 00000000 00000000 ................
0x0c77ecc8: 00000000 00000000 00000000 00000000 ................
0x0c77ecd8: 00000000 00000000 00000000 00000000 ................
0x0c77ece8: 00000000 00000000 00000000 00000000 ................
0x0c77ecf8: 00000000 00000000 00000000 00000000 ................
0x0c77ed08: 00000000 00000000 00000000 00000000 ................
0x0c77ed18: 00000000 00000000 00000000 00000000 ................
0x0c77ed28: 00000000 00000000 00000000 00000000 ................
0x0c77ed38: 00000000 00000000 00000000 00000000 ................
0x0c77ed48: 00000000 00000000 00000000 00000000 ................
0x0c77ed58: 00000000 00000008 00000000 00000000 ................
0x0c77ed68: 00000000 00000008 00000000 00000000 ................
0x0c77ed78: 00000000 00000000 00000000 00000000 ................
0x0c77ed88: 00000000 00000040 00000000 00000040 ....@.......@...
0x0c77ed98: 00000000 00000040 00000000 00000000 ....@...........
0x0c77eda8: 00000000 00000000 66bcca3a 000094f6 ........:..f....
0x0c77edb8: 00000000 00000000 0c77ef50 00000000 ........P.w.....
0x0c77edc8: 00a90088 00000000 0c77fee0 00000000 ..........w.....
0x0c77edd8: 40000000 00000001 00000000 00000000 ...@............
0x0c77ede8: 00000000 00000000 0c77fe20 00000000 ........ .w.....
0x0c77edf8: 42afcde9 00000001 44021ed4 00000001 ...B.......D....
0x0c77ee08: 00000001 00000000 0c77fee0 00000000 ..........w.....
0x0c77ee18: 0c77fe20 00000000 0c77efa0 00000000  .w.......w.....
0x0c77ee28: 0c77f470 00000000 0c77fe20 00000000 p.w..... .w.....
0x0c77ee38: 0c77f7f0 00000000 0c77fee0 00000000 ..w.......w.....
0x0c77ee48: 0c77f470 00000000 00000000 00000060 p.w.........`...
0x0c77ee58: 40a90088 00000001 00000000 000000fc ...@............
0x0c77ee68: a7acf7dd 00007ff9 00000000 00000000 ................
0x0c77ee78: 0c77efa0 00000000 0c77f7f0 00000000 ..w.......w.....
0x0c77ee88: 0c77efa0 00000000 0c77ef50 00000000 ..w.....P.w.....
0x0c77ee98: a7a3d856 00007ff9 0c77efa0 00000000 V.........w.....
0x0c77eea8: 0c77f7f0 00000000 00000000 00000000 ..w.............
0x0c77eeb8: 00000000 00000000 00000000 00000000 ................
0x0c77eec8: 00000000 00000000 00000000 00000000 ................
0x0c77eed8: 00000000 00000000 00000000 00000000 ................
0x0c77eee8: 447b3f40 00000001 00000000 00000000 @?{D............
0x0c77eef8: 40000000 00000001 0c77fee0 00000000 ...@......w.....
0x0c77ef08: 00000000 00000000 00000000 00000000 ................
0x0c77ef18: 44021ed4 00000001 0c77fe20 00000000 ...D.... .w.....
0x0c77ef28: 00000000 00000000 0c77f470 00000000 ........p.w.....
0x0c77ef38: 0c77f7f0 00000000 0c77e000 00000000 ..w.......w.....
0x0c77ef48: 0c780000 00000000 40a90088 00000001 ..x........@....
0x0c77ef58: 40000000 00000001 447b3f40 00000001 ...@....@?{D....
0x0c77ef68: 0c77fee0 00000000 00000000 00000000 ..w.............
0x0c77ef78: 0c77efa0 00000000 42afccd4 00000001 ..w........B....
0x0c77ef88: 44021ed4 00000001 0c77f470 00000000 ...D....p.w.....
0x0c77ef98: 00000000 00000000 00000000 00000000 ................
0x0c77efa8: 00000000 00000000 00000000 00000000 ................
0x0c77efb8: 00000000 00000000 00000000 00000000 ................
0x0c77efc8: 00000000 00000000 0010000f 00001f80 ................
0x0c77efd8: 002b0033 0053002b 002b002b 00000202 3.+.+.S.+.+.....
0x0c77efe8: 00000000 00000000 00000000 00000000 ................
0x0c77eff8: 00000000 00000000 feeefeee feeefeee ................
0x0c77f008: 007f0150 00000000 00000401 00000000 P...............
0x0c77f018: 406d1388 00000000 0c77efa0 00000000 ..m@......w.....
0x0c77f028: 0c77e7c0 00000000 00000000 00000000 ..w.............
0x0c77f038: 0c77fee0 00000000 00000000 00000000 ..w.............
0x0c77f048: 00000000 00000000 03fe7380 00000000 .........s......
0x0c77f058: 00369000 00000000 0c77e718 00000000 ..6.......w.....
0x0c77f068: 40000000 00000001 42afccd4 00000001 ...@.......B....
0x0c77f078: 00000000 00000000 00000000 00000000 ................
0x0c77f088: 00000000 00000000 00000000 00000000 ................
0x0c77f098: 40a9008a 00000001 0000027f 00000000 ...@............
0x0c77f0a8: 00000000 00000000 00000000 00000000 ................
0x0c77f0b8: 00001f80 0000ffff 00000000 00000000 ................
0x0c77f0c8: 00000000 00000000 00000000 00000000 ................
0x0c77f0d8: 00000000 00000000 00000000 00000000 ................
0x0c77f0e8: 00000000 00000000 00000000 00000000 ................
0x0c77f0f8: 00000000 00000000 00000000 00000000 ................
0x0c77f108: 00000000 00000000 00000000 00000000 ................
0x0c77f118: 00000000 00000000 00000000 00000000 ................
0x0c77f128: 00000000 00000000 00000000 00000000 ................
0x0c77f138: 00000000 00000000 4474b000 00000001 ..........tD....
0x0c77f148: 00000000 00000000 446cea08 00000001 ..........lD....
0x0c77f158: 00000000 00000000 00000000 00000000 ................
0x0c77f168: 00000000 00000000 00000000 00000000 ................
0x0c77f178: 00000000 00000000 00000000 00000000 ................
0x0c77f188: 00000000 00000000 00000000 00000000 ................
0x0c77f198: 00000000 00000000 00000000 00000000 ................
0x0c77f1a8: 00000000 00000000 00000000 00000000 ................
0x0c77f1b8: 00000000 00000000 00000000 00000000 ................
0x0c77f1c8: 00000000 00000000 00000000 00000000 ................
0x0c77f1d8: 00000000 00000000 00000000 00000000 ................
0x0c77f1e8: 00000000 00000000 00000000 00000000 ................
0x0c77f1f8: 00000000 00000000 00000000 00000000 ................
0x0c77f208: 00000000 00000000 00000000 00000000 ................
0x0c77f218: 00000000 00000000 00000000 00000000 ................
0x0c77f228: 00000000 00000000 00000000 00000000 ................
0x0c77f238: 00000000 00000000 00000000 00000000 ................
0x0c77f248: 00000000 00000000 00000000 00000000 ................
0x0c77f258: 00000000 00000000 00000000 00000000 ................
0x0c77f268: 00000000 00000000 000003ff 00000000 ................
0x0c77f278: 00000000 00000000 00000000 00000000 ................
0x0c77f288: 000003ed 00000000 00000000 00000001 ................
0x0c77f298: 007f0150 00000000 00000000 00000000 P...............
0x0c77f2a8: 00000000 00000000 12d29ad0 00000000 ................
0x0c77f2b8: 00000000 00000000 00000009 00000000 ................
0x0c77f2c8: 00000011 00000000 00004010 00000000 .........@......
0x0c77f2d8: 00000052 00000013 12d29ac0 00000000 R...............
0x0c77f2e8: 00000080 00000000 000003ed 00000000 ................
0x0c77f2f8: 0000001a 00000000 00000011 00000000 ................
0x0c77f308: ec0002ee 00000000 00000000 00000000 ................
0x0c77f318: 00000000 00000000 00000000 00000000 ................
0x0c77f328: 00000000 00000000 00000000 00000000 ................
0x0c77f338: 00000000 00000000 0cb7bc00 00000000 ................
0x0c77f348: 8e00018f 00000000 007f0308 00000000 ................
0x0c77f358: 00000052 00000000 00000000 00000000 R...............
0x0c77f368: 00000000 00000000 007f0300 00000000 ................
0x0c77f378: 00000011 00000000 00000000 00000000 ................
0x0c77f388: 007f0150 00000000 00004010 00000000 P........@......
0x0c77f398: 00004000 00000000 00000000 00000000 .@..............
0x0c77f3a8: 00000001 00000000 00000401 00000000 ................
0x0c77f3b8: 00000000 00000000 007f0000 00000000 ................
0x0c77f3c8: a7a49725 00007ff9 007f0000 00000000 %...............
0x0c77f3d8: 00800003 00000000 00004000 00000000 .........@......
0x0c77f3e8: 00004010 00000000 00000000 00000000 .@..............
0x0c77f3f8: 0c77f400 00000000 00000003 00000000 ..w.............
0x0c77f408: 02000002 00000000 00000000 00000000 ................
0x0c77f418: 00000000 00000000 00000000 00000000 ................
0x0c77f428: 53000053 00000000 00000000 00000000 S..S............
0x0c77f438: ec0002ee 00000000 00000000 00000000 ................
0x0c77f448: 02000002 00000000 00000000 00000000 ................
0x0c77f458: 00000000 00000000 00000000 00000000 ................
0x0c77f468: 0c00000c 00000000 00000002 00010402 ................
0x0c77f478: 40a90050 00000001 a409a3a7 00007ff9 P..@............
0x0c77f488: a4060000 00007ff9 a42a3bf8 00007ff9 .........;*.....
0x0c77f498: 40000000 00000001 447b3f40 00000001 ...@....@?{D....
0x0c77f4a8: a7a52524 00007ff9 00000000 c8ec6fe7 $%...........o..
0x0c77f4b8: a7a4ec14 00007ff9 12d620f0 00000000 ......... ......
0x0c77f4c8: 00000086 00000000 00150000 00000000 ................
0x0c77f4d8: a7b8a460 00007ff9 00000000 00000000 `...............
0x0c77f4e8: 0c77f4f0 00000000 00000086 00000000 ..w.............
0x0c77f4f8: a7a49dc6 00007ff9 00000000 00000000 ................
0x0c77f508: b353c6e5 68c6097d 0000000e 00000000 ..S.}..h........
0x0c77f518: 00150000 00000000 00000000 00000000 ................
0x0c77f528: a7a52704 00007ff9 00000000 00000000 .'..............
0x0c77f538: 00150000 00000000 0000003d 00000000 ........=.......
0x0c77f548: 00000040 00000000 66bcc3ba 000094f6 @..........f....
0x0c77f558: 00150cc0 00000000 00000000 00000000 ................
0x0c77f568: 0000004e 00000000 a7b916e4 00007ff9 N...............
0x0c77f578: 00000000 00000000 0c77fe20 00000000 ........ .w.....
0x0c77f588: a7b630c0 00007ff9 0c77f7d0 00000000 .0........w.....
0x0c77f598: a7a3be9a 00007ff9 00002ab0 00000000 .........*......
0x0c77f5a8: 00000000 00000038 00000000 00000000 ....8...........
0x0c77f5b8: 446ce8c8 00000001 00000000 00000030 ..lD........0...
0x0c77f5c8: 00000008 00000000 12d620f0 00000000 ......... ......
0x0c77f5d8: a7a4922b 00007ff9 00000000 00000001 +...............
0x0c77f5e8: 00150000 00000000 00150cc0 00000000 ................
0x0c77f5f8: 00000002 00007ff9 00000000 00000000 ................
0x0c77f608: 0000001f 80000000 00000000 00000000 ................
0x0c77f618: 00000000 00000000 00000000 00000000 ................
0x0c77f628: 00000000 00000000 00000000 00000000 ................
0x0c77f638: 00000000 00000000 00000000 00000000 ................
0x0c77f648: 000003d0 00000000 000003c8 00000000 ................
0x0c77f658: 00000000 00000000 00000000 00000000 ................
0x0c77f668: 0000003d 00000000 00000000 00000000 =...............
0x0c77f678: 00000008 00000000 007f0000 00000000 ................
0x0c77f688: a7a4922b 00007ff9 00000022 00000000 +.......".......
0x0c77f698: 00000000 00007ff9 000003c8 00000000 ................
0x0c77f6a8: 00000008 00007ff9 00000000 00000000 ................
0x0c77f6b8: 00000002 00007ff9 00000002 00000000 ................
0x0c77f6c8: 00000000 00000000 0c77f730 00000000 ........0.w.....
0x0c77f6d8: 41ef2df4 00007ff9 00000000 00000000 .-.A............
0x0c77f6e8: 00000002 00000000 00000001 00000000 ................
0x0c77f6f8: 00000000 00000000 0c77f760 00000000 ........`.w.....
0x0c77f708: 41ef2b42 00007ff9 0c77f780 00000000 B+.A......w.....
0x0c77f718: a7a383d0 00007ff9 00369000 00000000 ..........6.....
0x0c77f728: 0c77f730 00000000 12d64760 00000000 0.w.....`G......
0x0c77f738: 41ef2c77 00007ff9 00000000 00000000 w,.A............
0x0c77f748: a7a383d0 00007ff9 00369000 00000000 ..........6.....
0x0c77f758: 0c77f760 00000000 00000004 00000004 `.w.............
0x0c77f768: 12d64760 00000000 42eccd50 00007ff9 `G......P..B....
0x0c77f778: 00000019 00000000 a7a30000 00007ff9 ................
0x0c77f788: a7a3be11 00007ff9 00000000 00000000 ................
0x0c77f798: 41ef3082 00007ff9 c0000026 00000000 .0.A....&.......
0x0c77f7a8: a7a3bbce 00007ff9 00000005 00000000 ................
0x0c77f7b8: 00000005 00007ff9 00000000 00000000 ................
0x0c77f7c8: 41ef2911 00007ff9 fffffffe ffffffff .).A............
0x0c77f7d8: 0036b818 0036b81c 0c77fe20 00000000 ..6...6. .w.....
0x0c77f7e8: 04fc89c0 00000000 063fd080 00000000 ..........?.....
0x0c77f7f8: 063fd220 00000000 00000028 00003fe2  .?.....(....?..
0x0c77f808: 00000000 00000000 00000000 ffffffff ................
0x0c77f818: 4051e495 00000001 00000010 00000000 ..Q@............
0x0c77f828: 00000000 00000000 0bf92050 00000000 ........P ......
0x0c77f838: 4bc6c5a0 00000000 00000000 00000000 ...K............
0x0c77f848: 0000018a 00003c4c 1ab71d80 00000000 ....L<..........
0x0c77f858: 445ec3b0 00000001 00000000 00000000 ..^D............
0x0c77f868: 04f04d10 00000000 0511cda0 00000000 .M..............
0x0c77f878: 00000000 00000000 00000000 00000000 ................
0x0c77f888: 00000000 00000000 00000000 00000000 ................
0x0c77f898: 08a68290 00000000 08a691d0 00000000 ................
0x0c77f8a8: 00000000 00000000 00000000 00000000 ................
0x0c77f8b8: 00000000 00000000 0bf95898 00000000 .........X......
0x0c77f8c8: 409bc4a1 00000001 00000000 00000000 ...@............
0x0c77f8d8: 0c77fa88 00000000 008923e0 00000000 ..w......#......
0x0c77f8e8: 4057c177 00000001 fffffffe ffffffff w.W@............
0x0c77f8f8: a7a690ce 00007ff9 007f2c30 00000000 ........0,......
0x0c77f908: 00001f80 00000000 03fca460 00000000 ........`.......
0x0c77f918: 00000000 00000000 00000000 00000000 ................
0x0c77f928: 00000000 00000000 00000000 00000000 ................
0x0c77f938: 00000000 00000000 00000000 00000000 ................
0x0c77f948: 00000000 00000000 03fc96a0 00000000 ................
0x0c77f958: 00000001 00000000 ffffffff 00000000 ................
0x0c77f968: 00000030 00000000 00000000 00000000 0...............
0x0c77f978: 00000000 00000000 000044ed 00000000 .........D......
0x0c77f988: a7a5ae51 00007ff9 000044ed 00000000 Q........D......
0x0c77f998: 445ec460 00000001 445e77e0 00000001 `.^D.....w^D....
0x0c77f9a8: 4057c02e 00000001 00000000 00000000 ..W@............
0x0c77f9b8: 0c77fab0 00000000 00000000 00000000 ..w.............
0x0c77f9c8: 007f6fd0 00000000 007f6fd0 00000000 .o.......o......
0x0c77f9d8: 00040020 00000000 00004002 00000000  ........@......
0x0c77f9e8: 007f0150 00000000 000002fe 00000000 P...............
0x0c77f9f8: 40a877f0 00000001 03db3b20 00000000 .w.@.... ;......
0x0c77fa08: 0000002d 00000000 00000000 00000000 -...............
0x0c77fa18: 00000000 00000000 03db3b20 00000000 ........ ;......
0x0c77fa28: 0000002d 00000000 31c369f6 0000d309 -........i.1....
0x0c77fa38: 00150000 00000000 03daff20 00000000 ........ .......
0x0c77fa48: 40b0a012 00000001 0e8ef770 00000000 ...@....p.......
0x0c77fa58: 00000000 00000000 42d0a268 00000001 ........h..B....
0x0c77fa68: 00000000 ffffffff 00000001 4b4f4b4f ............OKOK
0x0c77fa78: 00000001 00000001 00000000 00000001 ................
0x0c77fa88: 00000004 00000004 00000006 00000006 ................
0x0c77fa98: 1a69c310 00000000 00000000 ffffffff ..i.............
0x0c77faa8: 00000001 00000000 00000006 00000000 ................
0x0c77fab8: 00000006 80000000 1a69c328 00000000 ........(.i.....
0x0c77fac8: 00000000 ffffffff 00000001 00000000 ................
0x0c77fad8: 00000006 00000000 00000006 80000000 ................
0x0c77fae8: 1a69c340 00000000 00000000 ffffffff @.i.............
0x0c77faf8: 00000001 00000000 0000007c 00000000 ........|.......
0x0c77fb08: 0000007c 80000000 00000000 00000000 |...............
0x0c77fb18: 00000001 00000000 00000000 00000000 ................
0x0c77fb28: 1a69cd7c 00000000 1a69ce7c 00000000 |.i.....|.i.....
0x0c77fb38: 00000000 00000000 00000000 00000000 ................
0x0c77fb48: 00000000 00000000 0c77fe10 00000000 ..........w.....
0x0c77fb58: 0bf958a0 00000000 00000000 00000003 .X..............
0x0c77fb68: 0000003a 00000001 0bf958b0 00000000 :........X......
0x0c77fb78: 00000000 00000000 42cd4128 00000001 ........(A.B....
0x0c77fb88: 00000000 00000000 05ff76d0 00000000 .........v......
0x0c77fb98: 00000001 00000000 0bf958a0 00000000 .........X......
0x0c77fba8: 00369000 00000000 0c77fdc0 00000000 ..6.......w.....
0x0c77fbb8: a40b3442 00007ff9 00000002 00000000 B4..............
0x0c77fbc8: 00000002 00000000 05ff76d0 00000000 .........v......
0x0c77fbd8: 00000000 00000000 0bf958a0 00000000 .........X......
0x0c77fbe8: 40af5bec 00000001 05ff76e0 00000000 .[.@.....v......
0x0c77fbf8: 05ff76d0 00000000 0c77fdc0 00000000 .v........w.....
0x0c77fc08: 05ff76d0 00000000 000002fe 00000000 .v..............
0x0c77fc18: 4056e633 00000001 fffffffe ffffffff 3.V@............
0x0c77fc28: 0000001e 00000000 00000000 00000000 ................
0x0c77fc38: ee0003ed 00000001 fffffffe ffffffff ................
0x0c77fc48: 00000000 ffffffff 00000000 00000000 ................
0x0c77fc58: 4057c177 00000001 00000000 00000000 w.W@............
0x0c77fc68: 00000000 00000000 fffffffe ffffffff ................
0x0c77fc78: 8e00018f 00000000 42cd4128 00000001 ........(A.B....
0x0c77fc88: 43217fb8 00000001 05ff76d0 00000000 ..!C.....v......
0x0c77fc98: 0bf958a0 00000000 00000000 00000000 .X..............
0x0c77fca8: 0000000d 00000000 05ff7780 00000000 .........w......
0x0c77fcb8: 40afbd21 00000001 00000000 00000000 !..@............
0x0c77fcc8: 00000000 00000000 00000000 00000000 ................
0x0c77fcd8: 00000000 00000000 00000000 00000000 ................
0x0c77fce8: 00000000 00000000 00000000 00000000 ................
0x0c77fcf8: 00000000 00000000 00000000 00000000 ................
0x0c77fd08: 00000000 00000000 00000000 00000000 ................
0x0c77fd18: 00000000 00000000 00000000 00000000 ................
0x0c77fd28: 00000000 00000000 00000000 00000000 ................
0x0c77fd38: 00000000 00000000 00000000 00000000 ................
0x0c77fd48: 00000000 00000000 00000000 00000000 ................
0x0c77fd58: 00000000 00000000 0000477c 00000000 ........|G......
0x0c77fd68: 42cd4128 00000001 43217fb8 00000001 (A.B......!C....
0x0c77fd78: 00000000 00000000 00000000 00000000 ................
0x0c77fd88: 00000000 00000000 00000000 00000000 ................
0x0c77fd98: 00000000 00000000 00000000 00000000 ................
0x0c77fda8: 00000017 00000000 00000000 00000000 ................
0x0c77fdb8: 00000000 00000000 66bcdaca 000094f6 ...........f....
0x0c77fdc8: 00000000 00000000 fffffffe ffffffff ................
0x0c77fdd8: 05ff7780 00000000 00000000 00000000 .w..............
0x0c77fde8: 646e6552 54207265 61657268 00000064 Render Thread...
0x0c77fdf8: 0000000d 00000000 00000000 ffffffff ................
0x0c77fe08: 00000044 00000000 00000000 00000000 D...............
0x0c77fe18: 03fe7300 00000000 406d1388 00000002 .s........m@....
0x0c77fe28: 00000000 00000000 00000000 ffffffff ................
0x0c77fe38: 00000044 00000001 00001000 ffffffff D...............
0x0c77fe48: 43248288 00000001 31c37976 0000d309 ..$C....vy.1....
0x0c77fe58: 00000000 00000000 00000000 00000000 ................
0x0c77fe68: 00000000 00000000 00000000 00000000 ................
0x0c77fe78: 00000000 00000000 00000000 00000000 ................
0x0c77fe88: 00000000 00000000 00000000 00000000 ................
0x0c77fe98: 42204300 00000001 07c54960 00000000 .C B....`I......
0x0c77fea8: 00000034 00000000 00000000 00000000 4...............
0x0c77feb8: 42211ceb 00000001 3c0b45e1 0000aa67 ..!B.....E.<g...
0x0c77fec8: 00000000 00000000 0c3f0a40 00000000 ........@.?.....
0x0c77fed8: 07c54960 00000000 00000000 00000000 `I..............
0x0c77fee8: 00000000 00000000 03fe7380 00000000 .........s......
0x0c77fef8: 42211e24 00000001 07c54960 00000000 $.!B....`I......
0x0c77ff08: 00000000 00000000 00000000 00000000 ................
0x0c77ff18: 00000000 00000000 00000000 00000000 ................
0x0c77ff28: 40a87e68 00000001 03fe9d60 00000000 h~.@....`.......
0x0c77ff38: 00000000 00000000 00000000 ffffffff ................
0x0c77ff48: 00000000 00000000 00000000 00000000 ................
0x0c77ff58: a5383034 00007ff9 00000000 00000000 408.............
0x0c77ff68: 00000000 00000000 00000000 00000000 ................
0x0c77ff78: 00000000 00000000 00000000 00000000 ................
0x0c77ff88: a7aa3691 00007ff9 00000000 00000000 .6..............
0x0c77ff98: 00000000 00000000 00000000 00000000 ................
0x0c77ffa8: 00000000 00000000 00000000 00000000 ................
0x0c77ffb8: a414bb60 00007ff9 0c77d290 00000000 `.........w.....
0x0c77ffc8: 0c77d290 00000000 00000000 00000000 ..w.............
0x0c77ffd8: 00000000 00000000 00000000 00000000 ................
0x0c77ffe8: 00000000 00000000 00000000 00000000 ................
0x0c77fff8: 00000000 00000000                   ........

Module 1
C:\Program Files\Unity\Editor\OpenRL_pthread.dll
Image Base: 0x80000000  Image Size: 0x0000f000
File Size:  42496       File Time:  2018-09-20_052224
Version:
   Company:    Open Source Software community LGPL
   Product:    POSIX Threads for Windows LPGL
   FileDesc:   MS C 32 bit
   FileVer:    2.9.0.0
   ProdVer:    2.9.0.0

Module 2
C:\Program Files\Unity\Editor\OpenRL.dll
Image Base: 0x80000000  Image Size: 0x00c30000
File Size:  12654592    File Time:  2018-09-20_052224
Version:
   Company:    Imagination Technologies, Inc.
   Product:    OpenRL™
   FileDesc:   OpenRL™ Library
   FileVer:    1.5.100.0
   ProdVer:    1.5.100.0

Module 3
C:\WINDOWS\SYSTEM32\MSVCR100.dll
Image Base: 0x5ee90000  Image Size: 0x000d2000
File Size:  829264      File Time:  2011-06-11_011538
Version:
   Company:    Microsoft Corporation
   Product:    Microsoft® Visual Studio® 2010
   FileDesc:   Microsoft® C Runtime Library
   FileVer:    10.0.40219.325
   ProdVer:    10.0.40219.325

Module 4
C:\WINDOWS\SYSTEM32\MSVCP100.dll
Image Base: 0x5ef70000  Image Size: 0x00098000
File Size:  608080      File Time:  2011-06-11_011538
Version:
   Company:    Microsoft Corporation
   Product:    Microsoft® Visual Studio® 2010
   FileDesc:   Microsoft® C Runtime Library
   FileVer:    10.0.40219.325
   ProdVer:    10.0.40219.325

Crash Report configuration:
 * App Name: Unity Editor
 * App Version: Unity 2018.2.10f1_674aa5a67ed5
 * Mono DLL: C:\Program Files\Unity\Editor\Data\Mono\EmbedRuntime\mono.dll
 * Bug Reporter App Path: "C:/Program Files/Unity/Editor/BugReporter/unity.bugreporter.exe" --bugtype crash --editor_mode "WebGLSupport" --unity_project "C:\Users\sabot\Documents\GitHub\PrudesVersusSluts\Mrooowr" <attachFile:--attach "<file>">
 * Crash Report Path: C:\Users\sabot\AppData\Local\Temp\Unity\Editor\Crashes
 * Is Editor: true

Crash Report metadata:
 * 'BuildGUID' = ''
 * 'CPU' = 'Intel(R) Core(TM) i7-8750H CPU @ 2.20GHz'
 * 'CloudUserId' = '74fb21ae61024234f84b652bd2144e4e'
 * 'DeviceId' = 'c7deda9905324306d8be8415f6660fb8d72d9e35'
 * 'DeviceModel' = 'AERO 15XV8 (GIGABYTE)'
 * 'Gfx' = 'Emulated GPU running OpenGL ES 2.0'
 * 'OS' = 'Windows 10  (10.0.0) 64bit'
 * 'PerformanceReportingEndpoint' = 'https://perf-events.cloud.unity3d.com/symbolicate'
 * 'PlatformId' = '7'
 * 'ProjectId' = '899789f9-e11d-4305-b4f9-df0c8c585897'
 * 'SdkVersion' = 'u2018.2.10f1'
 * 'SessionId' = '0'
 * 'Version' = '0.1'

Additional report files:
 * "C:\Users\sabot\AppData\Local\Unity\Editor\Editor.log" (Output log file)



== [end of error.log] ==
