Unity Editor by Unity Technologies [version: Unity 2018.2.10f1_674aa5a67ed5]

d3d11.dll caused an Access Violation (0xc0000005)
  in module d3d11.dll at 0033:a0c327b0.

Error occurred at 2018-12-18_194536.
C:\Program Files\Unity\Editor\Unity.exe, run by sabot.

44% physical memory in use.
32630 MB physical memory [18191 MB free].
2189 MB process peak paging file [2131 MB used].
1422 MB process peak working set [1362 MB used].
System Commit Total/Limit/Peak: 18269MB/39540MB/20630MB
System Physical Total/Available: 32630MB/18191MB
System Process Count: 240
System Thread Count: 3014
System Handle Count: 105244
Disk space data for 'C:\Users\sabot\AppData\Local\Temp\Unity\Editor\Crashes\Crash_2018-12-19_004534550\': 213893455872 bytes free of 495681794048 total.

Read from location 0000000000000124 caused an access violation.

Context:
RDI:    0x0000000000000000  RSI: 0x000000001a2c9d80  RAX:   0x0000000000000800
RBX:    0x0000000000000800  RCX: 0x00000000128706f8  RDX:   0x0000000000000000
RIP:    0x00007ff9a0c327b0  RBP: 0x000000001320e8c1  SegCs: 0x0000000000000033
EFlags: 0x0000000000010206  RSP: 0x000000001320e800  SegSs: 0x000000000000002b
R8:     0x0000000000000000  R9:  0x000000001320e9c0  R10:   0x00000000007165c0
R11:    0x000000001320e900  R12: 0x0000000000000800  R13:   0x0000000000000000
R14:    0x0000000012870620  R15: 0x0000000000000036


Bytes at CS:EIP:
44 0f b6 9a 24 01 00 00 45 8b e0 4c 8b 55 6f 48 

*** WARNING ***
Managed call stack frames will be incorrect or missing.
The Mono DLL at 'C:\Program Files\Unity\Editor\Data\Mono\EmbedRuntime\mono.dll' does not provide out-of-process stack information support.
Upgrade to a newer version of the Mono Scripting Runtime for more detailed debug information.


Stack Trace of Crashed Thread 17160:
0x00007FF9A0C327B0 (d3d11) CreateDirect3D11SurfaceFromDXGISurface
0x00000001421B001F (Unity) TexturesD3D11::UploadTextureSubData2D
0x00000001421A52DF (Unity) GfxDeviceD3D11Base::UploadTextureSubData2D
0x000000014220C2C3 (Unity) GfxDeviceWorker::RunCommand
0x0000000142211CEB (Unity) GfxDeviceWorker::RunExt
0x0000000142211E24 (Unity) GfxDeviceWorker::RunGfxDeviceWorker
0x0000000140A87E68 (Unity) Thread::RunThreadWrapper
0x00007FF9A5383034 (KERNEL32) BaseThreadInitThunk
0x00007FF9A7AA3691 (ntdll) RtlUserThreadStart

Stacks for Running Threads:

Call Stack for Thread 1364:
0x00007FF9A7ACAA24 (ntdll) NtWaitForSingleObject
0x00007FF9A4099252 (KERNELBASE) WaitForSingleObjectEx
0x0000000140A8B3E9 (Unity) ThreadedStreamBuffer::HandleOutOfBufferToWriteTo
0x000000014221BC22 (Unity) GfxDeviceClient::WriteBufferData
0x0000000141E53DFF (Unity) TextRenderingPrivate::FontImpl::AddCharacterToTexture
0x0000000141E54E9B (Unity) TextRenderingPrivate::FontImpl::CacheFontForText
0x0000000141E3BDD7 (Unity) TextRenderingPrivate::NativeTextGenerator::Setup
0x0000000141E37D5F (Unity) TextRenderingPrivate::ScriptingTextGenerator::GetStringRenderInfo
0x00000001418A796B (Unity) TextGenerator_CUSTOM_Populate_Internal_Injected
ERROR: SymGetSymFromAddr64, GetLastError: 'The specified module could not be found.' (Address: 000000004862D3AC)
ERROR: SymGetModuleInfo64, GetLastError: 'A dynamic link library (DLL) initialization routine failed.' (Address: 000000004862D3AC)
0x000000004862D3AC ((<unknown>)) (function-name not available)
ERROR: SymGetSymFromAddr64, GetLastError: 'The specified module could not be found.' (Address: 00000000449B6AE0)
ERROR: SymGetModuleInfo64, GetLastError: 'A dynamic link library (DLL) initialization routine failed.' (Address: 00000000449B6AE0)
0x00000000449B6AE0 ((<unknown>)) (function-name not available)
ERROR: SymGetSymFromAddr64, GetLastError: 'The specified module could not be found.' (Address: 0000000000BF0E70)
ERROR: SymGetModuleInfo64, GetLastError: 'A dynamic link library (DLL) initialization routine failed.' (Address: 0000000000BF0E70)
0x0000000000BF0E70 ((<unknown>)) (function-name not available)
ERROR: SymGetSymFromAddr64, GetLastError: 'The specified module could not be found.' (Address: 0000000046C73FD0)
ERROR: SymGetModuleInfo64, GetLastError: 'A dynamic link library (DLL) initialization routine failed.' (Address: 0000000046C73FD0)
0x0000000046C73FD0 ((<unknown>)) (function-name not available)
ERROR: SymGetSymFromAddr64, GetLastError: 'The specified module could not be found.' (Address: 00000000005FDB30)
ERROR: SymGetModuleInfo64, GetLastError: 'A dynamic link library (DLL) initialization routine failed.' (Address: 00000000005FDB30)
0x00000000005FDB30 ((<unknown>)) (function-name not available)
ERROR: SymGetSymFromAddr64, GetLastError: 'The specified module could not be found.' (Address: 0000000000000044)
ERROR: SymGetModuleInfo64, GetLastError: 'A dynamic link library (DLL) initialization routine failed.' (Address: 0000000000000044)
0x0000000000000044 ((<unknown>)) (function-name not available)
0x000000014009EB85 (Unity) `dynamic initializer for '__ManagedRegistrationHelper_AssetBundleInfoProxy''


Call Stack for Thread 17740:
0x00007FF9A7ACAA24 (ntdll) NtWaitForSingleObject
0x00007FF9A4099252 (KERNELBASE) WaitForSingleObjectEx
0x0000000140B0A9B8 (Unity) profiling::Dispatcher::ThreadFunc
0x0000000140A87E68 (Unity) Thread::RunThreadWrapper
0x00007FF9A5383034 (KERNEL32) BaseThreadInitThunk
0x00007FF9A7AA3691 (ntdll) RtlUserThreadStart


Call Stack for Thread 7020:
0x00007FF9A7ACE2F4 (ntdll) ZwWaitForWorkViaWorkerFactory
0x00007FF9A7A56866 (ntdll) RtlReleaseSRWLockExclusive
0x00007FF9A5383034 (KERNEL32) BaseThreadInitThunk
0x00007FF9A7AA3691 (ntdll) RtlUserThreadStart


Call Stack for Thread 18336:
0x00007FF9A7ACE2F4 (ntdll) ZwWaitForWorkViaWorkerFactory
0x00007FF9A7A56866 (ntdll) RtlReleaseSRWLockExclusive
0x00007FF9A5383034 (KERNEL32) BaseThreadInitThunk
0x00007FF9A7AA3691 (ntdll) RtlUserThreadStart


Call Stack for Thread 15080:
0x00007FF9A7ACB4F4 (ntdll) NtWaitForMultipleObjects
0x00007FF9A40A6099 (KERNELBASE) WaitForMultipleObjectsEx
0x00007FF9A4EF4217 (combase) CoGetTreatAsClass
0x00007FF9A4EEDFF0 (combase) CoGetTreatAsClass
0x00007FF9A4EF1671 (combase) CoGetTreatAsClass
0x00007FF9A4F86D4C (combase) CoRegisterPSClsid
0x00007FF9A5383034 (KERNEL32) BaseThreadInitThunk
0x00007FF9A7AA3691 (ntdll) RtlUserThreadStart


Call Stack for Thread 17904:
0x00007FF9A7ACB024 (ntdll) NtDelayExecution
0x00007FF9A40A5E9A (KERNELBASE) SleepEx
0x00000001401CCD68 (Unity) CurlRequest::MessageThread
0x00000001401CE4F9 (Unity) CurlRequest::_ThreadEntryPoint
0x0000000140A87E68 (Unity) Thread::RunThreadWrapper
0x00007FF9A5383034 (KERNEL32) BaseThreadInitThunk
0x00007FF9A7AA3691 (ntdll) RtlUserThreadStart


Call Stack for Thread 7740:
0x00007FF9A7ACAAC4 (ntdll) NtRemoveIoCompletion
0x00007FF9A35CF338 (MSWSOCK) Tcpip6_WSHStringToAddress
0x00007FF9A5383034 (KERNEL32) BaseThreadInitThunk
0x00007FF9A7AA3691 (ntdll) RtlUserThreadStart


Call Stack for Thread 2636:
0x00007FF9A7ACAAC4 (ntdll) NtRemoveIoCompletion
0x00007FF9A40B3642 (KERNELBASE) GetQueuedCompletionStatus
0x00007FF946BFE797 (libcef) IsSandboxedProcess
0x00007FF9A5383034 (KERNEL32) BaseThreadInitThunk
0x00007FF9A7AA3691 (ntdll) RtlUserThreadStart


Call Stack for Thread 12836:
0x00007FF9A7ACAAC4 (ntdll) NtRemoveIoCompletion
0x00007FF9A40B3642 (KERNELBASE) GetQueuedCompletionStatus
0x00007FF944C3592F (libcef) cef_trace_event_instant
0x00007FF944C34F3E (libcef) cef_trace_event_instant
0x00007FF944C3551B (libcef) cef_trace_event_instant
0x00007FF944C208B0 (libcef) cef_trace_event_instant
0x00007FF944C07DF8 (libcef) cef_trace_event_instant
0x00007FF944C20F57 (libcef) cef_trace_event_instant
0x00007FF944C05A4F (libcef) cef_trace_event_instant
0x00007FF9A5383034 (KERNEL32) BaseThreadInitThunk
0x00007FF9A7AA3691 (ntdll) RtlUserThreadStart


Call Stack for Thread 16144:
0x00007FF9A7ACE2F4 (ntdll) ZwWaitForWorkViaWorkerFactory
0x00007FF9A7A56866 (ntdll) RtlReleaseSRWLockExclusive
0x00007FF9A5383034 (KERNEL32) BaseThreadInitThunk
0x00007FF9A7AA3691 (ntdll) RtlUserThreadStart


Call Stack for Thread 16888:
0x00007FF9A7ACAA24 (ntdll) NtWaitForSingleObject
0x00007FF9A4099252 (KERNELBASE) WaitForSingleObjectEx
0x00007FF944C360FE (libcef) cef_trace_event_instant
0x00007FF944C208B0 (libcef) cef_trace_event_instant
0x00007FF944C07DF8 (libcef) cef_trace_event_instant
0x00007FF944C20F57 (libcef) cef_trace_event_instant
0x00007FF944C05A4F (libcef) cef_trace_event_instant
0x00007FF9A5383034 (KERNEL32) BaseThreadInitThunk
0x00007FF9A7AA3691 (ntdll) RtlUserThreadStart


Call Stack for Thread 18316:
0x00007FF9A7ACAA24 (ntdll) NtWaitForSingleObject
0x00007FF9A4099252 (KERNELBASE) WaitForSingleObjectEx
0x00007FF94564FD09 (libcef) cef_get_min_log_level
0x00007FF9454E1B10 (libcef) cef_get_min_log_level
0x00007FF94668DB87 (libcef) cef_get_min_log_level
0x00007FF94668DD2E (libcef) cef_get_min_log_level
0x00007FF9A5383034 (KERNEL32) BaseThreadInitThunk
0x00007FF9A7AA3691 (ntdll) RtlUserThreadStart


Call Stack for Thread 4140:
0x00007FF9A7ACAA24 (ntdll) NtWaitForSingleObject
0x00007FF9A4099252 (KERNELBASE) WaitForSingleObjectEx
0x00007FF9456CCEC1 (libcef) cef_get_min_log_level
0x00007FF9454E1B10 (libcef) cef_get_min_log_level
0x00007FF94668DB87 (libcef) cef_get_min_log_level
0x00007FF94668DD2E (libcef) cef_get_min_log_level
0x00007FF9A5383034 (KERNEL32) BaseThreadInitThunk
0x00007FF9A7AA3691 (ntdll) RtlUserThreadStart


Call Stack for Thread 14952:
0x00007FF9A7ACAA24 (ntdll) NtWaitForSingleObject
0x00007FF9A4099252 (KERNELBASE) WaitForSingleObjectEx
0x00007FF9456CCEC1 (libcef) cef_get_min_log_level
0x00007FF9454E1B10 (libcef) cef_get_min_log_level
0x00007FF94668DB87 (libcef) cef_get_min_log_level
0x00007FF94668DD2E (libcef) cef_get_min_log_level
0x00007FF9A5383034 (KERNEL32) BaseThreadInitThunk
0x00007FF9A7AA3691 (ntdll) RtlUserThreadStart


Call Stack for Thread 6548:
0x00007FF9A7ACAA24 (ntdll) NtWaitForSingleObject
0x00007FF9A4099252 (KERNELBASE) WaitForSingleObjectEx
0x00007FF9456CCEC1 (libcef) cef_get_min_log_level
0x00007FF9454E1B10 (libcef) cef_get_min_log_level
0x00007FF94668DB87 (libcef) cef_get_min_log_level
0x00007FF94668DD2E (libcef) cef_get_min_log_level
0x00007FF9A5383034 (KERNEL32) BaseThreadInitThunk
0x00007FF9A7AA3691 (ntdll) RtlUserThreadStart


Call Stack for Thread 7684:
0x00007FF9A7ACAA24 (ntdll) NtWaitForSingleObject
0x00007FF9A4099252 (KERNELBASE) WaitForSingleObjectEx
0x00007FF944C360FE (libcef) cef_trace_event_instant
0x00007FF944C208B0 (libcef) cef_trace_event_instant
0x00007FF944C07DF8 (libcef) cef_trace_event_instant
0x00007FF944EF7C6E (libcef) SetCrashKeyValueImpl
0x00007FF944EF86E3 (libcef) SetCrashKeyValueImpl
0x00007FF944C20F57 (libcef) cef_trace_event_instant
0x00007FF944C05A4F (libcef) cef_trace_event_instant
0x00007FF9A5383034 (KERNEL32) BaseThreadInitThunk
0x00007FF9A7AA3691 (ntdll) RtlUserThreadStart


Call Stack for Thread 12732:
0x00007FF9A4C696E4 (win32u) NtUserMsgWaitForMultipleObjectsEx
0x00007FF9A6EE031D (USER32) MsgWaitForMultipleObjectsEx
0x00007FF944C35AB7 (libcef) cef_trace_event_instant
0x00007FF944C3500E (libcef) cef_trace_event_instant
0x00007FF944C3551B (libcef) cef_trace_event_instant
0x00007FF944C208B0 (libcef) cef_trace_event_instant
0x00007FF944C07DF8 (libcef) cef_trace_event_instant
0x00007FF944EF7CFE (libcef) SetCrashKeyValueImpl
0x00007FF944EF86FF (libcef) SetCrashKeyValueImpl
0x00007FF944C20F57 (libcef) cef_trace_event_instant
0x00007FF944C05A4F (libcef) cef_trace_event_instant
0x00007FF9A5383034 (KERNEL32) BaseThreadInitThunk
0x00007FF9A7AA3691 (ntdll) RtlUserThreadStart


Call Stack for Thread 7260:
0x00007FF9A7ACAA24 (ntdll) NtWaitForSingleObject
0x00007FF9A4099252 (KERNELBASE) WaitForSingleObjectEx
0x00007FF944C360FE (libcef) cef_trace_event_instant
0x00007FF944C208B0 (libcef) cef_trace_event_instant
0x00007FF944C07DF8 (libcef) cef_trace_event_instant
0x00007FF944EF7D8E (libcef) SetCrashKeyValueImpl
0x00007FF944EF871B (libcef) SetCrashKeyValueImpl
0x00007FF944C20F57 (libcef) cef_trace_event_instant
0x00007FF944C05A4F (libcef) cef_trace_event_instant
0x00007FF9A5383034 (KERNEL32) BaseThreadInitThunk
0x00007FF9A7AA3691 (ntdll) RtlUserThreadStart


Call Stack for Thread 16664:
0x00007FF9A7ACAA24 (ntdll) NtWaitForSingleObject
0x00007FF9A4099252 (KERNELBASE) WaitForSingleObjectEx
0x00007FF944C360FE (libcef) cef_trace_event_instant
0x00007FF944C208B0 (libcef) cef_trace_event_instant
0x00007FF944C07DF8 (libcef) cef_trace_event_instant
0x00007FF944EF85FE (libcef) SetCrashKeyValueImpl
0x00007FF944EF8737 (libcef) SetCrashKeyValueImpl
0x00007FF944C20F57 (libcef) cef_trace_event_instant
0x00007FF944C05A4F (libcef) cef_trace_event_instant
0x00007FF9A5383034 (KERNEL32) BaseThreadInitThunk
0x00007FF9A7AA3691 (ntdll) RtlUserThreadStart


Call Stack for Thread 980:
0x00007FF9A7ACAAC4 (ntdll) NtRemoveIoCompletion
0x00007FF9A40B3642 (KERNELBASE) GetQueuedCompletionStatus
0x00007FF944C3592F (libcef) cef_trace_event_instant
0x00007FF944C34F3E (libcef) cef_trace_event_instant
0x00007FF944C3551B (libcef) cef_trace_event_instant
0x00007FF944C208B0 (libcef) cef_trace_event_instant
0x00007FF944C07DF8 (libcef) cef_trace_event_instant
0x00007FF944EF7ABE (libcef) SetCrashKeyValueImpl
0x00007FF944EF8753 (libcef) SetCrashKeyValueImpl
0x00007FF944C20F57 (libcef) cef_trace_event_instant
0x00007FF944C05A4F (libcef) cef_trace_event_instant
0x00007FF9A5383034 (KERNEL32) BaseThreadInitThunk
0x00007FF9A7AA3691 (ntdll) RtlUserThreadStart


Call Stack for Thread 10236:
0x00007FF9A7ACAAC4 (ntdll) NtRemoveIoCompletion
0x00007FF9A40B3642 (KERNELBASE) GetQueuedCompletionStatus
0x00007FF944C3592F (libcef) cef_trace_event_instant
0x00007FF944C34F3E (libcef) cef_trace_event_instant
0x00007FF944C3551B (libcef) cef_trace_event_instant
0x00007FF944C208B0 (libcef) cef_trace_event_instant
0x00007FF944C07DF8 (libcef) cef_trace_event_instant
0x00007FF944EF7FEE (libcef) SetCrashKeyValueImpl
0x00007FF944EF876F (libcef) SetCrashKeyValueImpl
0x00007FF944C20F57 (libcef) cef_trace_event_instant
0x00007FF944C05A4F (libcef) cef_trace_event_instant
0x00007FF9A5383034 (KERNEL32) BaseThreadInitThunk
0x00007FF9A7AA3691 (ntdll) RtlUserThreadStart


Call Stack for Thread 15704:
0x00007FF9A7ACAA24 (ntdll) NtWaitForSingleObject
0x00007FF9A4099252 (KERNELBASE) WaitForSingleObjectEx
0x00007FF944C360FE (libcef) cef_trace_event_instant
0x00007FF944C208B0 (libcef) cef_trace_event_instant
0x00007FF944C07DF8 (libcef) cef_trace_event_instant
0x00007FF944C20F57 (libcef) cef_trace_event_instant
0x00007FF944C05A4F (libcef) cef_trace_event_instant
0x00007FF9A5383034 (KERNEL32) BaseThreadInitThunk
0x00007FF9A7AA3691 (ntdll) RtlUserThreadStart


Call Stack for Thread 14528:
0x00007FF9A7ACE294 (ntdll) ZwWaitForAlertByThreadId
0x00007FF9A7AA5EE2 (ntdll) RtlSleepConditionVariableCS
0x00007FF9A40CF2D8 (KERNELBASE) SleepConditionVariableCS
0x00007FF944C3BB5E (libcef) cef_trace_event_instant
0x00007FF944C1F8AE (libcef) cef_trace_event_instant
0x00007FF944C1EE73 (libcef) cef_trace_event_instant
0x00007FF944C3BEDD (libcef) cef_trace_event_instant
0x00007FF944C05A4F (libcef) cef_trace_event_instant
0x00007FF9A5383034 (KERNEL32) BaseThreadInitThunk
0x00007FF9A7AA3691 (ntdll) RtlUserThreadStart


Call Stack for Thread 13844:
0x00007FF9A7ACAA24 (ntdll) NtWaitForSingleObject
0x00007FF9A4099252 (KERNELBASE) WaitForSingleObjectEx
0x00007FF944C360FE (libcef) cef_trace_event_instant
0x00007FF944C208B0 (libcef) cef_trace_event_instant
0x00007FF944C07DF8 (libcef) cef_trace_event_instant
0x00007FF944C20F57 (libcef) cef_trace_event_instant
0x00007FF944C05A4F (libcef) cef_trace_event_instant
0x00007FF9A5383034 (KERNEL32) BaseThreadInitThunk
0x00007FF9A7AA3691 (ntdll) RtlUserThreadStart


Call Stack for Thread 17924:
0x00007FF9A7ACE294 (ntdll) ZwWaitForAlertByThreadId
0x00007FF9A7AA5EE2 (ntdll) RtlSleepConditionVariableCS
0x00007FF9A40CF2D8 (KERNELBASE) SleepConditionVariableCS
0x00007FF944C3BB5E (libcef) cef_trace_event_instant
0x00007FF94548057C (libcef) SetCrashKeyValueImpl
0x00007FF945479A83 (libcef) SetCrashKeyValueImpl
0x00007FF94547975A (libcef) SetCrashKeyValueImpl
0x00007FF94547801E (libcef) SetCrashKeyValueImpl
0x00007FF946C862D8 (libcef) IsSandboxedProcess
0x00007FF946C86C87 (libcef) IsSandboxedProcess
0x00007FF944C208B0 (libcef) cef_trace_event_instant
0x00007FF944C07DF8 (libcef) cef_trace_event_instant
0x00007FF944C20F57 (libcef) cef_trace_event_instant
0x00007FF944C05A4F (libcef) cef_trace_event_instant
0x00007FF9A5383034 (KERNEL32) BaseThreadInitThunk
0x00007FF9A7AA3691 (ntdll) RtlUserThreadStart


Call Stack for Thread 1636:
0x00007FF9A7ACE294 (ntdll) ZwWaitForAlertByThreadId
0x00007FF9A7AA5EE2 (ntdll) RtlSleepConditionVariableCS
0x00007FF9A40CF2D8 (KERNELBASE) SleepConditionVariableCS
0x00007FF944C3BB5E (libcef) cef_trace_event_instant
0x00007FF944C1F8AE (libcef) cef_trace_event_instant
0x00007FF944C1EE73 (libcef) cef_trace_event_instant
0x00007FF944C3BEDD (libcef) cef_trace_event_instant
0x00007FF944C05A4F (libcef) cef_trace_event_instant
0x00007FF9A5383034 (KERNEL32) BaseThreadInitThunk
0x00007FF9A7AA3691 (ntdll) RtlUserThreadStart


Call Stack for Thread 2160:
0x00007FF9A7ACE294 (ntdll) ZwWaitForAlertByThreadId
0x00007FF9A7AA5EE2 (ntdll) RtlSleepConditionVariableCS
0x00007FF9A40CF2D8 (KERNELBASE) SleepConditionVariableCS
0x00007FF944C3BB5E (libcef) cef_trace_event_instant
0x00007FF944C1F8AE (libcef) cef_trace_event_instant
0x00007FF944C1EE73 (libcef) cef_trace_event_instant
0x00007FF944C3BEDD (libcef) cef_trace_event_instant
0x00007FF944C05A4F (libcef) cef_trace_event_instant
0x00007FF9A5383034 (KERNEL32) BaseThreadInitThunk
0x00007FF9A7AA3691 (ntdll) RtlUserThreadStart


Call Stack for Thread 3096:
0x00007FF9A7ACE294 (ntdll) ZwWaitForAlertByThreadId
0x00007FF9A7AA5EE2 (ntdll) RtlSleepConditionVariableCS
0x00007FF9A40CF2D8 (KERNELBASE) SleepConditionVariableCS
0x00007FF944C3BB5E (libcef) cef_trace_event_instant
0x00007FF944C1F8AE (libcef) cef_trace_event_instant
0x00007FF944C1EE73 (libcef) cef_trace_event_instant
0x00007FF944C3BEDD (libcef) cef_trace_event_instant
0x00007FF944C05A4F (libcef) cef_trace_event_instant
0x00007FF9A5383034 (KERNEL32) BaseThreadInitThunk
0x00007FF9A7AA3691 (ntdll) RtlUserThreadStart


Call Stack for Thread 16452:
0x00007FF9A7ACE294 (ntdll) ZwWaitForAlertByThreadId
0x00007FF9A7AA5EE2 (ntdll) RtlSleepConditionVariableCS
0x00007FF9A40CF2D8 (KERNELBASE) SleepConditionVariableCS
0x00007FF944C3BB5E (libcef) cef_trace_event_instant
0x00007FF944C1F8AE (libcef) cef_trace_event_instant
0x00007FF944C1EE73 (libcef) cef_trace_event_instant
0x00007FF944C3BEDD (libcef) cef_trace_event_instant
0x00007FF944C05A4F (libcef) cef_trace_event_instant
0x00007FF9A5383034 (KERNEL32) BaseThreadInitThunk
0x00007FF9A7AA3691 (ntdll) RtlUserThreadStart


Call Stack for Thread 16112:
0x00007FF9A7ACE2F4 (ntdll) ZwWaitForWorkViaWorkerFactory
0x00007FF9A7A56866 (ntdll) RtlReleaseSRWLockExclusive
0x00007FF9A5383034 (KERNEL32) BaseThreadInitThunk
0x00007FF9A7AA3691 (ntdll) RtlUserThreadStart


Call Stack for Thread 18332:
0x00007FF9A7ACE2F4 (ntdll) ZwWaitForWorkViaWorkerFactory
0x00007FF9A7A56866 (ntdll) RtlReleaseSRWLockExclusive
0x00007FF9A5383034 (KERNEL32) BaseThreadInitThunk
0x00007FF9A7AA3691 (ntdll) RtlUserThreadStart


Call Stack for Thread 11252:
0x00007FF9A7ACE2F4 (ntdll) ZwWaitForWorkViaWorkerFactory
0x00007FF9A7A56866 (ntdll) RtlReleaseSRWLockExclusive
0x00007FF9A5383034 (KERNEL32) BaseThreadInitThunk
0x00007FF9A7AA3691 (ntdll) RtlUserThreadStart


Call Stack for Thread 14880:
0x00007FF9A7ACE2F4 (ntdll) ZwWaitForWorkViaWorkerFactory
0x00007FF9A7A56866 (ntdll) RtlReleaseSRWLockExclusive
0x00007FF9A5383034 (KERNEL32) BaseThreadInitThunk
0x00007FF9A7AA3691 (ntdll) RtlUserThreadStart


Call Stack for Thread 16552:
0x00007FF9A7ACE294 (ntdll) ZwWaitForAlertByThreadId
0x00007FF9A7AA5EE2 (ntdll) RtlSleepConditionVariableCS
0x00007FF9A40CF2D8 (KERNELBASE) SleepConditionVariableCS
0x00007FF944C3BB5E (libcef) cef_trace_event_instant
0x00007FF944C1F8AE (libcef) cef_trace_event_instant
0x00007FF944C1EE73 (libcef) cef_trace_event_instant
0x00007FF944C3BEDD (libcef) cef_trace_event_instant
0x00007FF944C05A4F (libcef) cef_trace_event_instant
0x00007FF9A5383034 (KERNEL32) BaseThreadInitThunk
0x00007FF9A7AA3691 (ntdll) RtlUserThreadStart


Call Stack for Thread 17712:
0x00007FF9A7ACAA24 (ntdll) NtWaitForSingleObject
0x00007FF9A4099252 (KERNELBASE) WaitForSingleObjectEx
0x00000001408ABA24 (Unity) JobQueue::ProcessJobs
0x00000001408AD859 (Unity) JobQueue::WorkLoop
0x0000000140A87E68 (Unity) Thread::RunThreadWrapper
0x00007FF9A5383034 (KERNEL32) BaseThreadInitThunk
0x00007FF9A7AA3691 (ntdll) RtlUserThreadStart


Call Stack for Thread 15060:
0x00007FF9A7ACAA24 (ntdll) NtWaitForSingleObject
0x00007FF9A4099252 (KERNELBASE) WaitForSingleObjectEx
0x00000001408ABA24 (Unity) JobQueue::ProcessJobs
0x00000001408AD859 (Unity) JobQueue::WorkLoop
0x0000000140A87E68 (Unity) Thread::RunThreadWrapper
0x00007FF9A5383034 (KERNEL32) BaseThreadInitThunk
0x00007FF9A7AA3691 (ntdll) RtlUserThreadStart


Call Stack for Thread 8748:
0x00007FF9A7ACAA24 (ntdll) NtWaitForSingleObject
0x00007FF9A4099252 (KERNELBASE) WaitForSingleObjectEx
0x00000001408ABA24 (Unity) JobQueue::ProcessJobs
0x00000001408AD859 (Unity) JobQueue::WorkLoop
0x0000000140A87E68 (Unity) Thread::RunThreadWrapper
0x00007FF9A5383034 (KERNEL32) BaseThreadInitThunk
0x00007FF9A7AA3691 (ntdll) RtlUserThreadStart


Call Stack for Thread 15004:
0x00007FF9A7ACAA24 (ntdll) NtWaitForSingleObject
0x00007FF9A4099252 (KERNELBASE) WaitForSingleObjectEx
0x00000001408ABA24 (Unity) JobQueue::ProcessJobs
0x00000001408AD859 (Unity) JobQueue::WorkLoop
0x0000000140A87E68 (Unity) Thread::RunThreadWrapper
0x00007FF9A5383034 (KERNEL32) BaseThreadInitThunk
0x00007FF9A7AA3691 (ntdll) RtlUserThreadStart


Call Stack for Thread 1160:
0x00007FF9A7ACAA24 (ntdll) NtWaitForSingleObject
0x00007FF9A4099252 (KERNELBASE) WaitForSingleObjectEx
0x00000001408ABA24 (Unity) JobQueue::ProcessJobs
0x00000001408AD859 (Unity) JobQueue::WorkLoop
0x0000000140A87E68 (Unity) Thread::RunThreadWrapper
0x00007FF9A5383034 (KERNEL32) BaseThreadInitThunk
0x00007FF9A7AA3691 (ntdll) RtlUserThreadStart


Call Stack for Thread 10604:
0x00007FF9A7ACAA24 (ntdll) NtWaitForSingleObject
0x00007FF9A4099252 (KERNELBASE) WaitForSingleObjectEx
0x00000001408ABA24 (Unity) JobQueue::ProcessJobs
0x00000001408AD859 (Unity) JobQueue::WorkLoop
0x0000000140A87E68 (Unity) Thread::RunThreadWrapper
0x00007FF9A5383034 (KERNEL32) BaseThreadInitThunk
0x00007FF9A7AA3691 (ntdll) RtlUserThreadStart


Call Stack for Thread 2384:
0x00007FF9A7ACAA24 (ntdll) NtWaitForSingleObject
0x00007FF9A4099252 (KERNELBASE) WaitForSingleObjectEx
0x00000001408ABA24 (Unity) JobQueue::ProcessJobs
0x00000001408AD859 (Unity) JobQueue::WorkLoop
0x0000000140A87E68 (Unity) Thread::RunThreadWrapper
0x00007FF9A5383034 (KERNEL32) BaseThreadInitThunk
0x00007FF9A7AA3691 (ntdll) RtlUserThreadStart


Call Stack for Thread 11056:
0x00007FF9A7ACAA24 (ntdll) NtWaitForSingleObject
0x00007FF9A4099252 (KERNELBASE) WaitForSingleObjectEx
0x00000001408ABA24 (Unity) JobQueue::ProcessJobs
0x00000001408AD859 (Unity) JobQueue::WorkLoop
0x0000000140A87E68 (Unity) Thread::RunThreadWrapper
0x00007FF9A5383034 (KERNEL32) BaseThreadInitThunk
0x00007FF9A7AA3691 (ntdll) RtlUserThreadStart


Call Stack for Thread 18212:
0x00007FF9A7ACAA24 (ntdll) NtWaitForSingleObject
0x00007FF9A4099252 (KERNELBASE) WaitForSingleObjectEx
0x00000001408ABA24 (Unity) JobQueue::ProcessJobs
0x00000001408AD859 (Unity) JobQueue::WorkLoop
0x0000000140A87E68 (Unity) Thread::RunThreadWrapper
0x00007FF9A5383034 (KERNEL32) BaseThreadInitThunk
0x00007FF9A7AA3691 (ntdll) RtlUserThreadStart


Call Stack for Thread 2220:
0x00007FF9A7ACAA24 (ntdll) NtWaitForSingleObject
0x00007FF9A4099252 (KERNELBASE) WaitForSingleObjectEx
0x00000001408ABA24 (Unity) JobQueue::ProcessJobs
0x00000001408AD859 (Unity) JobQueue::WorkLoop
0x0000000140A87E68 (Unity) Thread::RunThreadWrapper
0x00007FF9A5383034 (KERNEL32) BaseThreadInitThunk
0x00007FF9A7AA3691 (ntdll) RtlUserThreadStart


Call Stack for Thread 10540:
0x00007FF9A7ACAA24 (ntdll) NtWaitForSingleObject
0x00007FF9A4099252 (KERNELBASE) WaitForSingleObjectEx
0x00000001408ABA24 (Unity) JobQueue::ProcessJobs
0x00000001408AD859 (Unity) JobQueue::WorkLoop
0x0000000140A87E68 (Unity) Thread::RunThreadWrapper
0x00007FF9A5383034 (KERNEL32) BaseThreadInitThunk
0x00007FF9A7AA3691 (ntdll) RtlUserThreadStart


Call Stack for Thread 18356:
0x00007FF9A7ACAA24 (ntdll) NtWaitForSingleObject
0x00007FF9A4099252 (KERNELBASE) WaitForSingleObjectEx
0x00000001408ABA24 (Unity) JobQueue::ProcessJobs
0x00000001408AD859 (Unity) JobQueue::WorkLoop
0x0000000140A87E68 (Unity) Thread::RunThreadWrapper
0x00007FF9A5383034 (KERNEL32) BaseThreadInitThunk
0x00007FF9A7AA3691 (ntdll) RtlUserThreadStart


Call Stack for Thread 17720:
0x00007FF9A7ACAA24 (ntdll) NtWaitForSingleObject
0x00007FF9A4099252 (KERNELBASE) WaitForSingleObjectEx
0x00000001408ABA24 (Unity) JobQueue::ProcessJobs
0x00000001408AD859 (Unity) JobQueue::WorkLoop
0x0000000140A87E68 (Unity) Thread::RunThreadWrapper
0x00007FF9A5383034 (KERNEL32) BaseThreadInitThunk
0x00007FF9A7AA3691 (ntdll) RtlUserThreadStart


Call Stack for Thread 15584:
0x00007FF9A7ACAA24 (ntdll) NtWaitForSingleObject
0x00007FF9A4099252 (KERNELBASE) WaitForSingleObjectEx
0x00000001408ABA24 (Unity) JobQueue::ProcessJobs
0x00000001408AD859 (Unity) JobQueue::WorkLoop
0x0000000140A87E68 (Unity) Thread::RunThreadWrapper
0x00007FF9A5383034 (KERNEL32) BaseThreadInitThunk
0x00007FF9A7AA3691 (ntdll) RtlUserThreadStart


Call Stack for Thread 14352:
0x00007FF9A7ACAA24 (ntdll) NtWaitForSingleObject
0x00007FF9A4099252 (KERNELBASE) WaitForSingleObjectEx
0x00000001408ABA24 (Unity) JobQueue::ProcessJobs
0x00000001408AD859 (Unity) JobQueue::WorkLoop
0x0000000140A87E68 (Unity) Thread::RunThreadWrapper
0x00007FF9A5383034 (KERNEL32) BaseThreadInitThunk
0x00007FF9A7AA3691 (ntdll) RtlUserThreadStart


Call Stack for Thread 18188:
0x00007FF9A7ACAA24 (ntdll) NtWaitForSingleObject
0x00007FF9A4099252 (KERNELBASE) WaitForSingleObjectEx
0x00000001408ABA24 (Unity) JobQueue::ProcessJobs
0x00000001408AD859 (Unity) JobQueue::WorkLoop
0x0000000140A87E68 (Unity) Thread::RunThreadWrapper
0x00007FF9A5383034 (KERNEL32) BaseThreadInitThunk
0x00007FF9A7AA3691 (ntdll) RtlUserThreadStart


Call Stack for Thread 17224:
0x00007FF9A7ACAA24 (ntdll) NtWaitForSingleObject
0x00007FF9A4099252 (KERNELBASE) WaitForSingleObjectEx
0x00000001408ABA24 (Unity) JobQueue::ProcessJobs
0x00000001408AD859 (Unity) JobQueue::WorkLoop
0x0000000140A87E68 (Unity) Thread::RunThreadWrapper
0x00007FF9A5383034 (KERNEL32) BaseThreadInitThunk
0x00007FF9A7AA3691 (ntdll) RtlUserThreadStart


Call Stack for Thread 12004:
0x00007FF9A7ACAA24 (ntdll) NtWaitForSingleObject
0x00007FF9A4099252 (KERNELBASE) WaitForSingleObjectEx
0x00000001408ABA24 (Unity) JobQueue::ProcessJobs
0x00000001408AD859 (Unity) JobQueue::WorkLoop
0x0000000140A87E68 (Unity) Thread::RunThreadWrapper
0x00007FF9A5383034 (KERNEL32) BaseThreadInitThunk
0x00007FF9A7AA3691 (ntdll) RtlUserThreadStart


Call Stack for Thread 17856:
0x00007FF9A7ACAA24 (ntdll) NtWaitForSingleObject
0x00007FF9A4099252 (KERNELBASE) WaitForSingleObjectEx
0x00000001408ABA24 (Unity) JobQueue::ProcessJobs
0x00000001408AD859 (Unity) JobQueue::WorkLoop
0x0000000140A87E68 (Unity) Thread::RunThreadWrapper
0x00007FF9A5383034 (KERNEL32) BaseThreadInitThunk
0x00007FF9A7AA3691 (ntdll) RtlUserThreadStart


Call Stack for Thread 11820:
0x00007FF9A7ACAA24 (ntdll) NtWaitForSingleObject
0x00007FF9A4099252 (KERNELBASE) WaitForSingleObjectEx
0x00000001408ABA24 (Unity) JobQueue::ProcessJobs
0x00000001408AD859 (Unity) JobQueue::WorkLoop
0x0000000140A87E68 (Unity) Thread::RunThreadWrapper
0x00007FF9A5383034 (KERNEL32) BaseThreadInitThunk
0x00007FF9A7AA3691 (ntdll) RtlUserThreadStart


Call Stack for Thread 7948:
0x00007FF9A7ACAA24 (ntdll) NtWaitForSingleObject
0x00007FF9A4099252 (KERNELBASE) WaitForSingleObjectEx
0x00000001408ABA24 (Unity) JobQueue::ProcessJobs
0x00000001408AD859 (Unity) JobQueue::WorkLoop
0x0000000140A87E68 (Unity) Thread::RunThreadWrapper
0x00007FF9A5383034 (KERNEL32) BaseThreadInitThunk
0x00007FF9A7AA3691 (ntdll) RtlUserThreadStart


Call Stack for Thread 16488:
0x00007FF9A7ACAA24 (ntdll) NtWaitForSingleObject
0x00007FF9A4099252 (KERNELBASE) WaitForSingleObjectEx
0x00000001408ABA24 (Unity) JobQueue::ProcessJobs
0x00000001408AD859 (Unity) JobQueue::WorkLoop
0x0000000140A87E68 (Unity) Thread::RunThreadWrapper
0x00007FF9A5383034 (KERNEL32) BaseThreadInitThunk
0x00007FF9A7AA3691 (ntdll) RtlUserThreadStart


Call Stack for Thread 14788:
0x00007FF9A7ACAA24 (ntdll) NtWaitForSingleObject
0x00007FF9A4099252 (KERNELBASE) WaitForSingleObjectEx
0x00000001408ABA24 (Unity) JobQueue::ProcessJobs
0x00000001408AD859 (Unity) JobQueue::WorkLoop
0x0000000140A87E68 (Unity) Thread::RunThreadWrapper
0x00007FF9A5383034 (KERNEL32) BaseThreadInitThunk
0x00007FF9A7AA3691 (ntdll) RtlUserThreadStart


Call Stack for Thread 13520:
0x00007FF9A7ACAA24 (ntdll) NtWaitForSingleObject
0x00007FF9A4099252 (KERNELBASE) WaitForSingleObjectEx
0x00000001408ABA24 (Unity) JobQueue::ProcessJobs
0x00000001408AD859 (Unity) JobQueue::WorkLoop
0x0000000140A87E68 (Unity) Thread::RunThreadWrapper
0x00007FF9A5383034 (KERNEL32) BaseThreadInitThunk
0x00007FF9A7AA3691 (ntdll) RtlUserThreadStart


Call Stack for Thread 11004:
0x00007FF9A7ACAA24 (ntdll) NtWaitForSingleObject
0x00007FF9A4099252 (KERNELBASE) WaitForSingleObjectEx
0x00000001408ABA24 (Unity) JobQueue::ProcessJobs
0x00000001408AD859 (Unity) JobQueue::WorkLoop
0x0000000140A87E68 (Unity) Thread::RunThreadWrapper
0x00007FF9A5383034 (KERNEL32) BaseThreadInitThunk
0x00007FF9A7AA3691 (ntdll) RtlUserThreadStart


Call Stack for Thread 14592:
0x00007FF9A7ACAA24 (ntdll) NtWaitForSingleObject
0x00007FF9A4099252 (KERNELBASE) WaitForSingleObjectEx
0x00000001408ABA24 (Unity) JobQueue::ProcessJobs
0x00000001408AD859 (Unity) JobQueue::WorkLoop
0x0000000140A87E68 (Unity) Thread::RunThreadWrapper
0x00007FF9A5383034 (KERNEL32) BaseThreadInitThunk
0x00007FF9A7AA3691 (ntdll) RtlUserThreadStart


Call Stack for Thread 1880:
0x00007FF9A7ACAA24 (ntdll) NtWaitForSingleObject
0x00007FF9A4099252 (KERNELBASE) WaitForSingleObjectEx
0x00000001408ABA24 (Unity) JobQueue::ProcessJobs
0x00000001408AD859 (Unity) JobQueue::WorkLoop
0x0000000140A87E68 (Unity) Thread::RunThreadWrapper
0x00007FF9A5383034 (KERNEL32) BaseThreadInitThunk
0x00007FF9A7AA3691 (ntdll) RtlUserThreadStart


Call Stack for Thread 840:
0x00007FF9A7ACAA24 (ntdll) NtWaitForSingleObject
0x00007FF9A4099252 (KERNELBASE) WaitForSingleObjectEx
0x0000000140A8AEE2 (Unity) ThreadedStreamBuffer::HandleOutOfBufferToReadFrom
0x0000000140A8B007 (Unity) ThreadedStreamBuffer::HandleOutOfBufferToReadFromMaybeWithProfiler
0x00000001408E6A8B (Unity) BatchDeleteStep2Threaded
0x0000000140A87E68 (Unity) Thread::RunThreadWrapper
0x00007FF9A5383034 (KERNEL32) BaseThreadInitThunk
0x00007FF9A7AA3691 (ntdll) RtlUserThreadStart


Call Stack for Thread 16844:
0x00007FF9A7ACAA24 (ntdll) NtWaitForSingleObject
0x00007FF9A4099252 (KERNELBASE) WaitForSingleObjectEx
0x00000001406EBF4A (Unity) AsyncReadManagerThreaded::ThreadEntry
0x00000001406EBD99 (Unity) AsyncReadManagerThreaded::StaticThreadEntry
0x0000000140A87E68 (Unity) Thread::RunThreadWrapper
0x00007FF9A5383034 (KERNEL32) BaseThreadInitThunk
0x00007FF9A7AA3691 (ntdll) RtlUserThreadStart


Call Stack for Thread 9780:
0x00007FF9A7ACAA24 (ntdll) NtWaitForSingleObject
0x00007FF9A35C6A42 (MSWSOCK) Tcpip4_WSHOpenSocket2
0x00007FF9A35CD359 (MSWSOCK) NSPStartup
0x00007FF9A54466D0 (WS2_32) select
0x00000001404DBCBF (Unity) ns_mgr_poll
0x000000014212C20E (Unity) RestService::HttpTransport::ServerThread
0x0000000140A87E68 (Unity) Thread::RunThreadWrapper
0x00007FF9A5383034 (KERNEL32) BaseThreadInitThunk
0x00007FF9A7AA3691 (ntdll) RtlUserThreadStart


Call Stack for Thread 18108:
0x00007FF9A7ACAA24 (ntdll) NtWaitForSingleObject
0x00007FF9A4099252 (KERNELBASE) WaitForSingleObjectEx
0x0000000142120B73 (Unity) RestService::RestMessageHandler::Entry
0x0000000140A87E68 (Unity) Thread::RunThreadWrapper
0x00007FF9A5383034 (KERNEL32) BaseThreadInitThunk
0x00007FF9A7AA3691 (ntdll) RtlUserThreadStart


Call Stack for Thread 17204:
0x00007FF9A7ACAA24 (ntdll) NtWaitForSingleObject
0x00007FF9A4099252 (KERNELBASE) WaitForSingleObjectEx
0x00000001429CC4EA (Unity) FMOD::OutputWASAPI::feederUpdate
0x00000001429CC43E (Unity) FMOD::OutputWASAPI::feederThreadCallback
0x000000014295D511 (Unity) FMOD::Thread::callback
0x0000000142B15575 (Unity) thread_start<unsigned int (__cdecl*)(void * __ptr64)>
0x00007FF9A5383034 (KERNEL32) BaseThreadInitThunk
0x00007FF9A7AA3691 (ntdll) RtlUserThreadStart


Call Stack for Thread 6052:
0x0000000141C1A011 (Unity) AudioManager::EditorMasterDSPCallback
0x0000000141C17262 (Unity) AudioMasterDSPProcessCallback
0x0000000141C057AB (Unity) UnityAudioEffect_InternalReadCallback
0x00000001429648B3 (Unity) FMOD::DSPFilter::read
0x0000000142964539 (Unity) FMOD::DSPFilter::read
0x0000000142964539 (Unity) FMOD::DSPFilter::read
0x0000000142964539 (Unity) FMOD::DSPFilter::read
0x00000001429D299E (Unity) FMOD::DSPSoundCard::read
0x0000000142984E59 (Unity) FMOD::Output::mix
0x00000001429CDCB8 (Unity) FMOD::OutputWASAPI::mixerUpdate
0x000000014295D511 (Unity) FMOD::Thread::callback
0x0000000142B15575 (Unity) thread_start<unsigned int (__cdecl*)(void * __ptr64)>
0x00007FF9A5383034 (KERNEL32) BaseThreadInitThunk
0x00007FF9A7AA3691 (ntdll) RtlUserThreadStart


Call Stack for Thread 17188:
0x00007FF9A7ACB024 (ntdll) NtDelayExecution
0x00007FF9A40A5E9A (KERNELBASE) SleepEx
0x000000014295CC4A (Unity) FMOD_OS_Time_Sleep
0x000000014295D52A (Unity) FMOD::Thread::callback
0x0000000142B15575 (Unity) thread_start<unsigned int (__cdecl*)(void * __ptr64)>
0x00007FF9A5383034 (KERNEL32) BaseThreadInitThunk
0x00007FF9A7AA3691 (ntdll) RtlUserThreadStart


Call Stack for Thread 16932:
0x00007FF9A7ACAA24 (ntdll) NtWaitForSingleObject
0x00007FF9A4099252 (KERNELBASE) WaitForSingleObjectEx
0x00007FF940F49523 (nvwgf2umx) OpenAdapter12
0x00007FF940F4870D (nvwgf2umx) OpenAdapter12
0x00007FF940F404CD (nvwgf2umx) OpenAdapter12
0x00007FF94176527A (nvwgf2umx) NVAPI_Thunk
0x00007FF941ED99EC (nvwgf2umx) NVAPI_Thunk
0x00007FF9A5383034 (KERNEL32) BaseThreadInitThunk
0x00007FF9A7AA3691 (ntdll) RtlUserThreadStart


Call Stack for Thread 5140:
0x00007FF9A7ACAA24 (ntdll) NtWaitForSingleObject
0x00007FF9A4099252 (KERNELBASE) WaitForSingleObjectEx
0x00007FF94105965F (nvwgf2umx) OpenAdapter12
0x00007FF94105955F (nvwgf2umx) OpenAdapter12
0x00007FF941ED99EC (nvwgf2umx) NVAPI_Thunk
0x00007FF9A5383034 (KERNEL32) BaseThreadInitThunk
0x00007FF9A7AA3691 (ntdll) RtlUserThreadStart


Call Stack for Thread 9976:
0x00007FF9A7ACAA24 (ntdll) NtWaitForSingleObject
0x00007FF9A4099252 (KERNELBASE) WaitForSingleObjectEx
0x00007FF94105965F (nvwgf2umx) OpenAdapter12
0x00007FF94105955F (nvwgf2umx) OpenAdapter12
0x00007FF941ED99EC (nvwgf2umx) NVAPI_Thunk
0x00007FF9A5383034 (KERNEL32) BaseThreadInitThunk
0x00007FF9A7AA3691 (ntdll) RtlUserThreadStart


Call Stack for Thread 16192:
0x00007FF9A7ACAA24 (ntdll) NtWaitForSingleObject
0x00007FF9A4099252 (KERNELBASE) WaitForSingleObjectEx
0x00007FF94105965F (nvwgf2umx) OpenAdapter12
0x00007FF94105955F (nvwgf2umx) OpenAdapter12
0x00007FF941ED99EC (nvwgf2umx) NVAPI_Thunk
0x00007FF9A5383034 (KERNEL32) BaseThreadInitThunk
0x00007FF9A7AA3691 (ntdll) RtlUserThreadStart


Call Stack for Thread 17684:
0x00007FF9A7ACAA24 (ntdll) NtWaitForSingleObject
0x00007FF9A4099252 (KERNELBASE) WaitForSingleObjectEx
0x00007FF94105965F (nvwgf2umx) OpenAdapter12
0x00007FF94105955F (nvwgf2umx) OpenAdapter12
0x00007FF941ED99EC (nvwgf2umx) NVAPI_Thunk
0x00007FF9A5383034 (KERNEL32) BaseThreadInitThunk
0x00007FF9A7AA3691 (ntdll) RtlUserThreadStart


Call Stack for Thread 13652:
0x00007FF9A7ACAA24 (ntdll) NtWaitForSingleObject
0x00007FF9A4099252 (KERNELBASE) WaitForSingleObjectEx
0x00007FF94105965F (nvwgf2umx) OpenAdapter12
0x00007FF94105955F (nvwgf2umx) OpenAdapter12
0x00007FF941ED99EC (nvwgf2umx) NVAPI_Thunk
0x00007FF9A5383034 (KERNEL32) BaseThreadInitThunk
0x00007FF9A7AA3691 (ntdll) RtlUserThreadStart


Call Stack for Thread 10384:
0x00007FF9A7ACAA24 (ntdll) NtWaitForSingleObject
0x00007FF9A4099252 (KERNELBASE) WaitForSingleObjectEx
0x00007FF94105965F (nvwgf2umx) OpenAdapter12
0x00007FF94105955F (nvwgf2umx) OpenAdapter12
0x00007FF941ED99EC (nvwgf2umx) NVAPI_Thunk
0x00007FF9A5383034 (KERNEL32) BaseThreadInitThunk
0x00007FF9A7AA3691 (ntdll) RtlUserThreadStart


Call Stack for Thread 16616:
0x00007FF9A7ACAA24 (ntdll) NtWaitForSingleObject
0x00007FF9A4099252 (KERNELBASE) WaitForSingleObjectEx
0x00000001408ABA24 (Unity) JobQueue::ProcessJobs
0x00000001408AD859 (Unity) JobQueue::WorkLoop
0x0000000140A87E68 (Unity) Thread::RunThreadWrapper
0x00007FF9A5383034 (KERNEL32) BaseThreadInitThunk
0x00007FF9A7AA3691 (ntdll) RtlUserThreadStart


Call Stack for Thread 14492:
0x00007FF9A7ACAA24 (ntdll) NtWaitForSingleObject
0x00007FF9A4099252 (KERNELBASE) WaitForSingleObjectEx
0x00000001408ABA24 (Unity) JobQueue::ProcessJobs
0x00000001408AD859 (Unity) JobQueue::WorkLoop
0x0000000140A87E68 (Unity) Thread::RunThreadWrapper
0x00007FF9A5383034 (KERNEL32) BaseThreadInitThunk
0x00007FF9A7AA3691 (ntdll) RtlUserThreadStart


Call Stack for Thread 16776:
0x00007FF9A7ACAA24 (ntdll) NtWaitForSingleObject
0x00007FF9A4099252 (KERNELBASE) WaitForSingleObjectEx
0x00000001408ABA24 (Unity) JobQueue::ProcessJobs
0x00000001408AD859 (Unity) JobQueue::WorkLoop
0x0000000140A87E68 (Unity) Thread::RunThreadWrapper
0x00007FF9A5383034 (KERNEL32) BaseThreadInitThunk
0x00007FF9A7AA3691 (ntdll) RtlUserThreadStart


Call Stack for Thread 17868:
0x00007FF9A7ACAA24 (ntdll) NtWaitForSingleObject
0x00007FF9A4099252 (KERNELBASE) WaitForSingleObjectEx
0x00000001408ABA24 (Unity) JobQueue::ProcessJobs
0x00000001408AD859 (Unity) JobQueue::WorkLoop
0x0000000140A87E68 (Unity) Thread::RunThreadWrapper
0x00007FF9A5383034 (KERNEL32) BaseThreadInitThunk
0x00007FF9A7AA3691 (ntdll) RtlUserThreadStart


Call Stack for Thread 17308:
0x00007FF9A7ACAA24 (ntdll) NtWaitForSingleObject
0x00007FF9A4099252 (KERNELBASE) WaitForSingleObjectEx
0x00000001408ABA24 (Unity) JobQueue::ProcessJobs
0x00000001408AD859 (Unity) JobQueue::WorkLoop
0x0000000140A87E68 (Unity) Thread::RunThreadWrapper
0x00007FF9A5383034 (KERNEL32) BaseThreadInitThunk
0x00007FF9A7AA3691 (ntdll) RtlUserThreadStart


Call Stack for Thread 16272:
0x00007FF9A7ACAA24 (ntdll) NtWaitForSingleObject
0x00007FF9A4099252 (KERNELBASE) WaitForSingleObjectEx
0x00000001408ABA24 (Unity) JobQueue::ProcessJobs
0x00000001408AD859 (Unity) JobQueue::WorkLoop
0x0000000140A87E68 (Unity) Thread::RunThreadWrapper
0x00007FF9A5383034 (KERNEL32) BaseThreadInitThunk
0x00007FF9A7AA3691 (ntdll) RtlUserThreadStart


Call Stack for Thread 7512:
0x00007FF9A7ACE294 (ntdll) ZwWaitForAlertByThreadId
0x00007FF9A7AA5EE2 (ntdll) RtlSleepConditionVariableCS
0x00007FF9A40CF2D8 (KERNELBASE) SleepConditionVariableCS
0x0000000000E5C2C7 (OpenRL) rlRenderFrame
0x0000000000E5C5EC (OpenRL) rlRenderFrame
0x0000000000E5C8C6 (OpenRL) rlRenderFrame
0x0000000000E901D8 (OpenRL) rlRenderFrame
0x0000000000633F2A (OpenRL_pthread) pthread_setspecific
0x000000005EEB1D9F (MSVCR100) endthreadex
0x000000005EEB1E3B (MSVCR100) endthreadex
0x00007FF9A5383034 (KERNEL32) BaseThreadInitThunk
0x00007FF9A7AA3691 (ntdll) RtlUserThreadStart


Call Stack for Thread 1168:
0x00007FF9A7ACE294 (ntdll) ZwWaitForAlertByThreadId
0x00007FF9A7AA5EE2 (ntdll) RtlSleepConditionVariableCS
0x00007FF9A40CF2D8 (KERNELBASE) SleepConditionVariableCS
0x0000000000E5C2C7 (OpenRL) rlRenderFrame
0x0000000000E5C5EC (OpenRL) rlRenderFrame
0x0000000000E5C8C6 (OpenRL) rlRenderFrame
0x0000000000E901D8 (OpenRL) rlRenderFrame
0x0000000000633F2A (OpenRL_pthread) pthread_setspecific
0x000000005EEB1D9F (MSVCR100) endthreadex
0x000000005EEB1E3B (MSVCR100) endthreadex
0x00007FF9A5383034 (KERNEL32) BaseThreadInitThunk
0x00007FF9A7AA3691 (ntdll) RtlUserThreadStart


Call Stack for Thread 17184:
0x00007FF9A7ACE294 (ntdll) ZwWaitForAlertByThreadId
0x00007FF9A7AA5EE2 (ntdll) RtlSleepConditionVariableCS
0x00007FF9A40CF2D8 (KERNELBASE) SleepConditionVariableCS
0x0000000000E5C2C7 (OpenRL) rlRenderFrame
0x0000000000E5C5EC (OpenRL) rlRenderFrame
0x0000000000E5C8C6 (OpenRL) rlRenderFrame
0x0000000000E901D8 (OpenRL) rlRenderFrame
0x0000000000633F2A (OpenRL_pthread) pthread_setspecific
0x000000005EEB1D9F (MSVCR100) endthreadex
0x000000005EEB1E3B (MSVCR100) endthreadex
0x00007FF9A5383034 (KERNEL32) BaseThreadInitThunk
0x00007FF9A7AA3691 (ntdll) RtlUserThreadStart


Call Stack for Thread 17364:
0x00007FF9A7ACE294 (ntdll) ZwWaitForAlertByThreadId
0x00007FF9A7AA5EE2 (ntdll) RtlSleepConditionVariableCS
0x00007FF9A40CF2D8 (KERNELBASE) SleepConditionVariableCS
0x0000000000E5C2C7 (OpenRL) rlRenderFrame
0x0000000000E5C5EC (OpenRL) rlRenderFrame
0x0000000000E5C8C6 (OpenRL) rlRenderFrame
0x0000000000E901D8 (OpenRL) rlRenderFrame
0x0000000000633F2A (OpenRL_pthread) pthread_setspecific
0x000000005EEB1D9F (MSVCR100) endthreadex
0x000000005EEB1E3B (MSVCR100) endthreadex
0x00007FF9A5383034 (KERNEL32) BaseThreadInitThunk
0x00007FF9A7AA3691 (ntdll) RtlUserThreadStart


Call Stack for Thread 11048:
0x00007FF9A7ACE294 (ntdll) ZwWaitForAlertByThreadId
0x00007FF9A7AA5EE2 (ntdll) RtlSleepConditionVariableCS
0x00007FF9A40CF2D8 (KERNELBASE) SleepConditionVariableCS
0x0000000000E5C2C7 (OpenRL) rlRenderFrame
0x0000000000E5C5EC (OpenRL) rlRenderFrame
0x0000000000E5C8C6 (OpenRL) rlRenderFrame
0x0000000000E901D8 (OpenRL) rlRenderFrame
0x0000000000633F2A (OpenRL_pthread) pthread_setspecific
0x000000005EEB1D9F (MSVCR100) endthreadex
0x000000005EEB1E3B (MSVCR100) endthreadex
0x00007FF9A5383034 (KERNEL32) BaseThreadInitThunk
0x00007FF9A7AA3691 (ntdll) RtlUserThreadStart


Call Stack for Thread 17628:
0x00007FF9A7ACE294 (ntdll) ZwWaitForAlertByThreadId
0x00007FF9A7AA5EE2 (ntdll) RtlSleepConditionVariableCS
0x00007FF9A40CF2D8 (KERNELBASE) SleepConditionVariableCS
0x0000000000E5C2C7 (OpenRL) rlRenderFrame
0x0000000000E5C5EC (OpenRL) rlRenderFrame
0x0000000000E5C8C6 (OpenRL) rlRenderFrame
0x0000000000E901D8 (OpenRL) rlRenderFrame
0x0000000000633F2A (OpenRL_pthread) pthread_setspecific
0x000000005EEB1D9F (MSVCR100) endthreadex
0x000000005EEB1E3B (MSVCR100) endthreadex
0x00007FF9A5383034 (KERNEL32) BaseThreadInitThunk
0x00007FF9A7AA3691 (ntdll) RtlUserThreadStart


Call Stack for Thread 4256:
0x00007FF9A7ACE294 (ntdll) ZwWaitForAlertByThreadId
0x00007FF9A7AA5EE2 (ntdll) RtlSleepConditionVariableCS
0x00007FF9A40CF2D8 (KERNELBASE) SleepConditionVariableCS
0x0000000000E5C2C7 (OpenRL) rlRenderFrame
0x0000000000E5C5EC (OpenRL) rlRenderFrame
0x0000000000E5C8C6 (OpenRL) rlRenderFrame
0x0000000000E901D8 (OpenRL) rlRenderFrame
0x0000000000633F2A (OpenRL_pthread) pthread_setspecific
0x000000005EEB1D9F (MSVCR100) endthreadex
0x000000005EEB1E3B (MSVCR100) endthreadex
0x00007FF9A5383034 (KERNEL32) BaseThreadInitThunk
0x00007FF9A7AA3691 (ntdll) RtlUserThreadStart


Call Stack for Thread 15936:
0x00007FF9A7ACE294 (ntdll) ZwWaitForAlertByThreadId
0x00007FF9A7AA5EE2 (ntdll) RtlSleepConditionVariableCS
0x00007FF9A40CF2D8 (KERNELBASE) SleepConditionVariableCS
0x0000000000E5C2C7 (OpenRL) rlRenderFrame
0x0000000000E5C5EC (OpenRL) rlRenderFrame
0x0000000000E5C8C6 (OpenRL) rlRenderFrame
0x0000000000E901D8 (OpenRL) rlRenderFrame
0x0000000000633F2A (OpenRL_pthread) pthread_setspecific
0x000000005EEB1D9F (MSVCR100) endthreadex
0x000000005EEB1E3B (MSVCR100) endthreadex
0x00007FF9A5383034 (KERNEL32) BaseThreadInitThunk
0x00007FF9A7AA3691 (ntdll) RtlUserThreadStart


Call Stack for Thread 5876:
0x00007FF9A7ACE294 (ntdll) ZwWaitForAlertByThreadId
0x00007FF9A7AA5EE2 (ntdll) RtlSleepConditionVariableCS
0x00007FF9A40CF2D8 (KERNELBASE) SleepConditionVariableCS
0x0000000000E5C2C7 (OpenRL) rlRenderFrame
0x0000000000E5C5EC (OpenRL) rlRenderFrame
0x0000000000E5C8C6 (OpenRL) rlRenderFrame
0x0000000000E901D8 (OpenRL) rlRenderFrame
0x0000000000633F2A (OpenRL_pthread) pthread_setspecific
0x000000005EEB1D9F (MSVCR100) endthreadex
0x000000005EEB1E3B (MSVCR100) endthreadex
0x00007FF9A5383034 (KERNEL32) BaseThreadInitThunk
0x00007FF9A7AA3691 (ntdll) RtlUserThreadStart


Call Stack for Thread 16656:
0x00007FF9A7ACE294 (ntdll) ZwWaitForAlertByThreadId
0x00007FF9A7AA5EE2 (ntdll) RtlSleepConditionVariableCS
0x00007FF9A40CF2D8 (KERNELBASE) SleepConditionVariableCS
0x0000000000E5C2C7 (OpenRL) rlRenderFrame
0x0000000000E5C5EC (OpenRL) rlRenderFrame
0x0000000000E5C8C6 (OpenRL) rlRenderFrame
0x0000000000E901D8 (OpenRL) rlRenderFrame
0x0000000000633F2A (OpenRL_pthread) pthread_setspecific
0x000000005EEB1D9F (MSVCR100) endthreadex
0x000000005EEB1E3B (MSVCR100) endthreadex
0x00007FF9A5383034 (KERNEL32) BaseThreadInitThunk
0x00007FF9A7AA3691 (ntdll) RtlUserThreadStart


Call Stack for Thread 7392:
0x00007FF9A7ACE294 (ntdll) ZwWaitForAlertByThreadId
0x00007FF9A7AA5EE2 (ntdll) RtlSleepConditionVariableCS
0x00007FF9A40CF2D8 (KERNELBASE) SleepConditionVariableCS
0x0000000000E5C2C7 (OpenRL) rlRenderFrame
0x0000000000E5C5EC (OpenRL) rlRenderFrame
0x0000000000E5C8C6 (OpenRL) rlRenderFrame
0x0000000000E901D8 (OpenRL) rlRenderFrame
0x0000000000633F2A (OpenRL_pthread) pthread_setspecific
0x000000005EEB1D9F (MSVCR100) endthreadex
0x000000005EEB1E3B (MSVCR100) endthreadex
0x00007FF9A5383034 (KERNEL32) BaseThreadInitThunk
0x00007FF9A7AA3691 (ntdll) RtlUserThreadStart


Call Stack for Thread 13888:
0x00007FF9A7ACE294 (ntdll) ZwWaitForAlertByThreadId
0x00007FF9A7AA5EE2 (ntdll) RtlSleepConditionVariableCS
0x00007FF9A40CF2D8 (KERNELBASE) SleepConditionVariableCS
0x0000000000E5C2C7 (OpenRL) rlRenderFrame
0x0000000000E5C5EC (OpenRL) rlRenderFrame
0x0000000000E5C8C6 (OpenRL) rlRenderFrame
0x0000000000E901D8 (OpenRL) rlRenderFrame
0x0000000000633F2A (OpenRL_pthread) pthread_setspecific
0x000000005EEB1D9F (MSVCR100) endthreadex
0x000000005EEB1E3B (MSVCR100) endthreadex
0x00007FF9A5383034 (KERNEL32) BaseThreadInitThunk
0x00007FF9A7AA3691 (ntdll) RtlUserThreadStart


Call Stack for Thread 17556:
0x00007FF9A4C61144 (win32u) NtUserGetMessage
0x00007FF9A6EE1B8B (USER32) GetMessageW
0x0000000000E743D5 (OpenRL) rlRenderFrame
0x0000000000E901D8 (OpenRL) rlRenderFrame
0x0000000000633F2A (OpenRL_pthread) pthread_setspecific
0x000000005EEB1D9F (MSVCR100) endthreadex
0x000000005EEB1E3B (MSVCR100) endthreadex
0x00007FF9A5383034 (KERNEL32) BaseThreadInitThunk
0x00007FF9A7AA3691 (ntdll) RtlUserThreadStart


Call Stack for Thread 18116:
0x00007FF9A7ACB024 (ntdll) NtDelayExecution
0x00007FF9A40A5E9A (KERNELBASE) SleepEx
0x000000014124E7EF (Unity) PVRContextManager::UpdateFunction
0x00000001408AB227 (Unity) JobQueue::Exec
0x00000001408ACF5E (Unity) JobQueue::Steal
0x00000001408AB593 (Unity) JobQueue::ExecuteJobFromQueue
0x00000001408AB993 (Unity) JobQueue::ProcessJobs
0x00000001408AD859 (Unity) JobQueue::WorkLoop
0x0000000140A87E68 (Unity) Thread::RunThreadWrapper
0x00007FF9A5383034 (KERNEL32) BaseThreadInitThunk
0x00007FF9A7AA3691 (ntdll) RtlUserThreadStart


Call Stack for Thread 1916:
0x00007FF9A7ACAA24 (ntdll) NtWaitForSingleObject
0x00007FF9A4099252 (KERNELBASE) WaitForSingleObjectEx
0x00007FF9486EFFD6 (mono) [c:\buildslave\mono\build\mono\utils\mono-semaphore.c:138] mono_sem_timedwait 
0x00007FF94871880E (mono) [c:\buildslave\mono\build\mono\metadata\gc.c:1044] finalizer_thread 
0x00007FF948784097 (mono) [c:\buildslave\mono\build\mono\metadata\threads.c:706] start_wrapper 
0x00007FF94883A117 (mono) [c:\buildslave\mono\build\libgc\win32_threads.c:574] thread_start 
0x00007FF9A5383034 (KERNEL32) BaseThreadInitThunk
0x00007FF9A7AA3691 (ntdll) RtlUserThreadStart


Call Stack for Thread 13800:
0x00007FF9A7ACAA24 (ntdll) NtWaitForSingleObject
0x00007FF9A35C6A42 (MSWSOCK) Tcpip4_WSHOpenSocket2
0x00007FF9A35CECAC (MSWSOCK) Tcpip6_WSHStringToAddress
0x00007FF9A5446DCC (WS2_32) WSAAccept
0x00007FF9A5446CF2 (WS2_32) accept
0x00007FF9487AAF9F (mono) [c:\buildslave\mono\build\mono\mini\debugger-agent.c:1032] transport_accept 
0x00007FF9487B32FB (mono) [c:\buildslave\mono\build\mono\mini\debugger-agent.c:7455] wait_for_attach 
0x00007FF9487B6319 (mono) [c:\buildslave\mono\build\mono\mini\debugger-agent.c:7498] debugger_thread 
0x00007FF94883A117 (mono) [c:\buildslave\mono\build\libgc\win32_threads.c:574] thread_start 
0x00007FF9A5383034 (KERNEL32) BaseThreadInitThunk
0x00007FF9A7AA3691 (ntdll) RtlUserThreadStart


Call Stack for Thread 11588:
0x00007FF9A7ACAA24 (ntdll) NtWaitForSingleObject
0x00007FF9A4099252 (KERNELBASE) WaitForSingleObjectEx
0x00000001408ABA24 (Unity) JobQueue::ProcessJobs
0x00000001408AD859 (Unity) JobQueue::WorkLoop
0x0000000140A87E68 (Unity) Thread::RunThreadWrapper
0x00007FF9A5383034 (KERNEL32) BaseThreadInitThunk
0x00007FF9A7AA3691 (ntdll) RtlUserThreadStart


Call Stack for Thread 17964:
0x00007FF9A7ACAA24 (ntdll) NtWaitForSingleObject
0x00007FF9A4099252 (KERNELBASE) WaitForSingleObjectEx
0x00007FF94105965F (nvwgf2umx) OpenAdapter12
0x00007FF94105955F (nvwgf2umx) OpenAdapter12
0x00007FF941ED99EC (nvwgf2umx) NVAPI_Thunk
0x00007FF9A5383034 (KERNEL32) BaseThreadInitThunk
0x00007FF9A7AA3691 (ntdll) RtlUserThreadStart


Call Stack for Thread 13156:
0x00007FF9A7ACB4F4 (ntdll) NtWaitForMultipleObjects
0x00007FF9A40A6099 (KERNELBASE) WaitForMultipleObjectsEx
0x00007FF9A40A5F8E (KERNELBASE) WaitForMultipleObjects
0x00007FF94172EAE6 (nvwgf2umx) NVAPI_Thunk
0x00007FF94176527A (nvwgf2umx) NVAPI_Thunk
0x00007FF941ED99EC (nvwgf2umx) NVAPI_Thunk
0x00007FF9A5383034 (KERNEL32) BaseThreadInitThunk
0x00007FF9A7AA3691 (ntdll) RtlUserThreadStart


Call Stack for Thread 8844:
0x00007FF9A7ACAA24 (ntdll) NtWaitForSingleObject
0x00007FF9A4099252 (KERNELBASE) WaitForSingleObjectEx
0x00007FF94105965F (nvwgf2umx) OpenAdapter12
0x00007FF94105955F (nvwgf2umx) OpenAdapter12
0x00007FF941ED99EC (nvwgf2umx) NVAPI_Thunk
0x00007FF9A5383034 (KERNEL32) BaseThreadInitThunk
0x00007FF9A7AA3691 (ntdll) RtlUserThreadStart


Call Stack for Thread 15400:
0x00007FF9A7ACAA24 (ntdll) NtWaitForSingleObject
0x00007FF9A4099252 (KERNELBASE) WaitForSingleObjectEx
0x00007FF94105965F (nvwgf2umx) OpenAdapter12
0x00007FF94105955F (nvwgf2umx) OpenAdapter12
0x00007FF941ED99EC (nvwgf2umx) NVAPI_Thunk
0x00007FF9A5383034 (KERNEL32) BaseThreadInitThunk
0x00007FF9A7AA3691 (ntdll) RtlUserThreadStart


Call Stack for Thread 788:
0x00007FF9A7ACAA24 (ntdll) NtWaitForSingleObject
0x00007FF9A4099252 (KERNELBASE) WaitForSingleObjectEx
0x00007FF94105965F (nvwgf2umx) OpenAdapter12
0x00007FF94105955F (nvwgf2umx) OpenAdapter12
0x00007FF941ED99EC (nvwgf2umx) NVAPI_Thunk
0x00007FF9A5383034 (KERNEL32) BaseThreadInitThunk
0x00007FF9A7AA3691 (ntdll) RtlUserThreadStart


Call Stack for Thread 14288:
0x00007FF9A7ACAA24 (ntdll) NtWaitForSingleObject
0x00007FF9A4099252 (KERNELBASE) WaitForSingleObjectEx
0x00007FF94105965F (nvwgf2umx) OpenAdapter12
0x00007FF94105955F (nvwgf2umx) OpenAdapter12
0x00007FF941ED99EC (nvwgf2umx) NVAPI_Thunk
0x00007FF9A5383034 (KERNEL32) BaseThreadInitThunk
0x00007FF9A7AA3691 (ntdll) RtlUserThreadStart


Call Stack for Thread 17304:
0x00007FF9A7ACAA24 (ntdll) NtWaitForSingleObject
0x00007FF9A4099252 (KERNELBASE) WaitForSingleObjectEx
0x00007FF94105965F (nvwgf2umx) OpenAdapter12
0x00007FF94105955F (nvwgf2umx) OpenAdapter12
0x00007FF941ED99EC (nvwgf2umx) NVAPI_Thunk
0x00007FF9A5383034 (KERNEL32) BaseThreadInitThunk
0x00007FF9A7AA3691 (ntdll) RtlUserThreadStart


Call Stack for Thread 2600:
0x00007FF9A7ACAA24 (ntdll) NtWaitForSingleObject
0x00007FF9A4099252 (KERNELBASE) WaitForSingleObjectEx
0x00007FF94105965F (nvwgf2umx) OpenAdapter12
0x00007FF94105955F (nvwgf2umx) OpenAdapter12
0x00007FF941ED99EC (nvwgf2umx) NVAPI_Thunk
0x00007FF9A5383034 (KERNEL32) BaseThreadInitThunk
0x00007FF9A7AA3691 (ntdll) RtlUserThreadStart


Call Stack for Thread 14756:
0x00007FF9A7ACAA24 (ntdll) NtWaitForSingleObject
0x00007FF9A4099252 (KERNELBASE) WaitForSingleObjectEx
0x0000000142665102 (Unity) Geo::GeoEvent::Wait
0x00000001425213CF (Unity) Enlighten::MultithreadCpuWorkerCommon::CommandThreadFunction
0x00007FF9A5383034 (KERNEL32) BaseThreadInitThunk
0x00007FF9A7AA3691 (ntdll) RtlUserThreadStart


Call Stack for Thread 1964:
0x00007FF9A7ACAA24 (ntdll) NtWaitForSingleObject
0x00007FF9A4099252 (KERNELBASE) WaitForSingleObjectEx
0x000000014217E063 (Unity) TUpdateFunction
0x0000000140A87E68 (Unity) Thread::RunThreadWrapper
0x00007FF9A5383034 (KERNEL32) BaseThreadInitThunk
0x00007FF9A7AA3691 (ntdll) RtlUserThreadStart


Call Stack for Thread 17116:
0x00007FF9A7ACAA24 (ntdll) NtWaitForSingleObject
0x00007FF9A4099252 (KERNELBASE) WaitForSingleObjectEx
0x000000014217E063 (Unity) TUpdateFunction
0x0000000140A87E68 (Unity) Thread::RunThreadWrapper
0x00007FF9A5383034 (KERNEL32) BaseThreadInitThunk
0x00007FF9A7AA3691 (ntdll) RtlUserThreadStart


Call Stack for Thread 7716:
0x00007FF9A7ACAA24 (ntdll) NtWaitForSingleObject
0x00007FF9A4099252 (KERNELBASE) WaitForSingleObjectEx
0x000000014217E063 (Unity) TUpdateFunction
0x0000000140A87E68 (Unity) Thread::RunThreadWrapper
0x00007FF9A5383034 (KERNEL32) BaseThreadInitThunk
0x00007FF9A7AA3691 (ntdll) RtlUserThreadStart


Call Stack for Thread 1872:
0x00007FF9A7ACB024 (ntdll) NtDelayExecution
0x00007FF9A40A5E9A (KERNELBASE) SleepEx
0x0000000141FADB5A (Unity) PreviewTextureManager::LoadingLoop
0x0000000140A87E68 (Unity) Thread::RunThreadWrapper
0x00007FF9A5383034 (KERNEL32) BaseThreadInitThunk
0x00007FF9A7AA3691 (ntdll) RtlUserThreadStart


Call Stack for Thread 16176:
0x00007FF9A7ACAA24 (ntdll) NtWaitForSingleObject
0x00007FF9A4099252 (KERNELBASE) WaitForSingleObjectEx
0x00000001408ABA24 (Unity) JobQueue::ProcessJobs
0x00000001408AD859 (Unity) JobQueue::WorkLoop
0x0000000140A87E68 (Unity) Thread::RunThreadWrapper
0x00007FF9A5383034 (KERNEL32) BaseThreadInitThunk
0x00007FF9A7AA3691 (ntdll) RtlUserThreadStart


Call Stack for Thread 16608:
0x00007FF9A7ACAA24 (ntdll) NtWaitForSingleObject
0x00007FF9A4099252 (KERNELBASE) WaitForSingleObjectEx
0x00000001409B8499 (Unity) PreloadManager::Run
0x00000001409B881E (Unity) PreloadManager::Run
0x0000000140A87E68 (Unity) Thread::RunThreadWrapper
0x00007FF9A5383034 (KERNEL32) BaseThreadInitThunk
0x00007FF9A7AA3691 (ntdll) RtlUserThreadStart




Stack Memory [0x000000001320E800-0x0000000013210000]:
0x1320e800: fffffffe ffffffff 4464d310 00000001 ..........dD....
0x1320e810: 00000000 00000000 00000000 00000000 ................
0x1320e820: 00000000 ffffffff 00000000 00000000 ................
0x1320e830: 00000000 ffffffff 00000001 00000001 ................
0x1320e840: 00000000 00000000 00000000 00000000 ................
0x1320e850: 00000070 00000000 00000000 00000000 p...............
0x1320e860: 00000000 ffffffff 00000001 00000001 ................
0x1320e870: 05171c40 00000000 00000029 00000000 @.......).......
0x1320e880: 00002710 00000000 00000029 00000000 .'......).......
0x1320e890: 00000000 ffffffff 00000044 00000001 ........D.......
0x1320e8a0: 12a26f30 00000000 00000043 00000000 0o......C.......
0x1320e8b0: 00000000 00000000 f8bb4112 0000c0ef .........A......
0x1320e8c0: 00000000 ffffffff 00000001 00000000 ................
0x1320e8d0: 00000036 00000000 128706f8 00000000 6...............
0x1320e8e0: 00000000 00000000 00000800 00000000 ................
0x1320e8f0: 00000000 00000000 1a2c9d80 00000000 ..........,.....
0x1320e900: 1320e9e1 00000000 421b001f 00000001 .. ........B....
0x1320e910: 1a2c9d80 00000000 00000000 00000000 ..,.............
0x1320e920: 1320e9e1 00000000 c5f5c160 00000000 .. .....`.......
0x1320e930: 1a2c9d80 00000000 00000800 00000000 ..,.............
0x1320e940: 00000000 00000000 c0e000ad 00006360 ............`c..
0x1320e950: 00000800 00000000 407e1c6e 00000001 ........n.~@....
0x1320e960: 42da6208 00000001 42cd4128 00000001 .b.B....(A.B....
0x1320e970: 42cd4128 00000001 00000000 00000001 (A.B............
0x1320e980: 43235f70 00000001 000001bf 00000002 p_#C............
0x1320e990: 00000000 00000000 00000000 00000000 ................
0x1320e9a0: 00000001 00000000 1320ea00 00000000 .......... .....
0x1320e9b0: 00000000 00400000 00000360 00000000 ......@.`.......
0x1320e9c0: 00000000 00000000 00000000 00000800 ................
0x1320e9d0: 00000800 00000001 c0e001dd 00006360 ............`c..
0x1320e9e0: 07a97960 00000000 0c280a40 00000000 `y......@.(.....
0x1320e9f0: 446cea08 00000001 00000000 00000000 ..lD............
0x1320ea00: 00000025 00000000 00000397 00400000 %.............@.
0x1320ea10: 1320eb80 00000000 421a52df 00000001 .. ......R.B....
0x1320ea20: 00000000 00000000 42204300 00000001 .........C B....
0x1320ea30: fffffffe ffffffff 00000023 00000000 ........#.......
0x1320ea40: 00000000 00000000 00000000 00000000 ................
0x1320ea50: 00000800 00000000 00000800 00000001 ................
0x1320ea60: 00000036 00000000 00000025 00000000 6.......%.......
0x1320ea70: 00000397 00400000 4220c2c3 00000001 ......@... B....
0x1320ea80: 005b9078 009b9078 1320eb80 00000000 x.[.x..... .....
0x1320ea90: 00000023 00000000 00000000 00000000 #...............
0x1320eaa0: 00000000 00000001 00000000 00000000 ................
0x1320eab0: 00000000 00000000 00000800 00000000 ................
0x1320eac0: 00000800 00000000 00000036 00000000 ........6.......
0x1320ead0: 00000000 00000000 00000000 00000000 ................
0x1320eae0: 00000001 00000000 00000000 00000000 ................
0x1320eaf0: 00000000 00000000 00000000 00000000 ................
0x1320eb00: 07a979b0 00000000 446cea08 00000001 .y........lD....
0x1320eb10: 00000000 000000fc 446cea08 00000001 ..........lD....
0x1320eb20: 402fa7a0 00000001 446cea08 00000001 ../@......lD....
0x1320eb30: 005b9028 005b902c 00000000 00000000 (.[.,.[.........
0x1320eb40: 00000397 00000002 00400000 00000800 ..........@.....
0x1320eb50: 00000008 00000001 00000001 00000000 ................
0x1320eb60: 000008b1 00000000 00000000 00000001 ................
0x1320eb70: 00000000 00000000 00000000 00000000 ................
0x1320eb80: 00000000 00000000 00000000 00000000 ................
0x1320eb90: 00002762 00000000 07a97960 00000000 b'......`y......
0x1320eba0: 00000018 00000002 00000010 00000036 ............6...
0x1320ebb0: 00000000 00000000 86049b78 00000000 ........x.......
0x1320ebc0: c67f8510 00000000 00000273 0000251d ........s....%..
0x1320ebd0: 00000000 00000000 00000000 00000000 ................
0x1320ebe0: 00000000 00000000 00000000 00000000 ................
0x1320ebf0: 00000000 00000000 00000000 00000000 ................
0x1320ec00: 00000000 00000000 00000000 00000000 ................
0x1320ec10: 00000000 00000000 00000000 00000000 ................
0x1320ec20: 00000000 00000000 00000000 00000000 ................
0x1320ec30: 051ba320 00000000 00000000 00000000  ...............
0x1320ec40: 00000000 00000000 00000000 00000000 ................
0x1320ec50: 00000000 00000000 00000000 00000000 ................
0x1320ec60: 00000000 00000000 00000000 00000000 ................
0x1320ec70: 00000000 00000000 00000000 00000000 ................
0x1320ec80: 00000000 00000000 00000000 00000000 ................
0x1320ec90: 00000000 00000000 00000000 00000000 ................
0x1320eca0: 00000000 00000000 00000000 00000000 ................
0x1320ecb0: 00000000 00000000 00000000 00000000 ................
0x1320ecc0: 00000000 00000000 00000000 00000000 ................
0x1320ecd0: 00000000 00000000 00000000 00000000 ................
0x1320ece0: 00000000 00000000 00000000 00000000 ................
0x1320ecf0: 00000000 00000000 00000000 00000000 ................
0x1320ed00: 00000000 00000000 00000000 00000000 ................
0x1320ed10: 00000000 00000000 00000000 00000000 ................
0x1320ed20: 00000000 00000000 00000000 00000000 ................
0x1320ed30: 00000000 00000000 00000000 00000000 ................
0x1320ed40: 00000000 00000000 00000000 00000000 ................
0x1320ed50: 00000000 00000000 00000000 00000008 ................
0x1320ed60: 00000000 00000000 00000000 00000008 ................
0x1320ed70: 00000000 00000000 00000000 00000000 ................
0x1320ed80: 00000000 00000000 00000000 00000040 ............@...
0x1320ed90: 00000000 00000040 00000000 00000040 ....@.......@...
0x1320eda0: 00000000 00000000 00000000 00000000 ................
0x1320edb0: 00000000 00000004 00000000 00000040 ............@...
0x1320edc0: 1320ef50 00000000 00a90088 00000000 P. .............
0x1320edd0: 1320fee0 00000000 40000000 00000001 .. ........@....
0x1320ede0: 00000000 00000000 00000000 00000000 ................
0x1320edf0: 1320fe20 00000000 42afcde9 00000001  . ........B....
0x1320ee00: 44021ed4 00000001 00000001 00000000 ...D............
0x1320ee10: 1320fee0 00000000 1320fe20 00000000 .. ..... . .....
0x1320ee20: 1320efa0 00000000 1320f470 00000000 .. .....p. .....
0x1320ee30: 1320fe20 00000000 00000000 000000f4  . .............
0x1320ee40: 1320fee0 00000000 1320f470 00000000 .. .....p. .....
0x1320ee50: 00000000 00000060 40a90088 00000001 ....`......@....
0x1320ee60: 00000000 000000fc a7acf7dd 00007ff9 ................
0x1320ee70: 00000000 00000000 1320efa0 00000000 .......... .....
0x1320ee80: 1320f7f0 00000000 1320efa0 00000000 .. ....... .....
0x1320ee90: 1320ef50 00000000 a7a3d856 00007ff9 P. .....V.......
0x1320eea0: 1320efa0 00000000 1320f7f0 00000000 .. ....... .....
0x1320eeb0: 00000000 00000000 00000000 00000000 ................
0x1320eec0: 00000000 00000000 00000000 00000000 ................
0x1320eed0: 00000000 00000000 00000000 00000000 ................
0x1320eee0: 00000000 00000000 447b3f40 00000001 ........@?{D....
0x1320eef0: 00000000 00000000 40000000 00000001 ...........@....
0x1320ef00: 1320fee0 00000000 00000000 00000000 .. .............
0x1320ef10: 00000000 00000000 44021ed4 00000001 ...........D....
0x1320ef20: 1320fe20 00000000 00000000 00000000  . .............
0x1320ef30: 1320f470 00000000 1320f7f0 00000000 p. ....... .....
0x1320ef40: 1320e000 00000000 13210000 00000000 .. .......!.....
0x1320ef50: 40a90088 00000001 40000000 00000001 ...@.......@....
0x1320ef60: 447b3f40 00000001 1320fee0 00000000 @?{D...... .....
0x1320ef70: 00000000 00000000 1320efa0 00000000 .......... .....
0x1320ef80: 42afccd4 00000001 44021ed4 00000001 ...B.......D....
0x1320ef90: 1320f470 00000000 00000000 00000000 p. .............
0x1320efa0: 00000000 00000004 00000000 00000000 ................
0x1320efb0: 00000000 00000000 00000000 00000000 ................
0x1320efc0: 00000000 00000000 00000000 00000000 ................
0x1320efd0: 0010000f 00001f80 002b0033 0053002b ........3.+.+.S.
0x1320efe0: 002b002b 00000202 00000000 00000000 +.+.............
0x1320eff0: 00000000 00000000 00000000 00000000 ................
0x1320f000: 00000000 00000000 00000000 00000000 ................
0x1320f010: 00000000 00000000 406d1388 00000000 ..........m@....
0x1320f020: 1320efa0 00000000 1320e7c0 00000000 .. ....... .....
0x1320f030: 00000000 00000000 1320fee0 00000000 .......... .....
0x1320f040: 00000000 00000000 00000000 00000000 ................
0x1320f050: 03e53380 00000000 00306000 00000000 .3.......`0.....
0x1320f060: 1320e718 00000000 40000000 00000001 .. ........@....
0x1320f070: 42afccd4 00000001 00000000 00000000 ...B............
0x1320f080: 00000000 00000000 00000000 00000000 ................
0x1320f090: 00000000 00000000 40a9008a 00000001 ...........@....
0x1320f0a0: 0000027f 00000000 00000000 00000000 ................
0x1320f0b0: 00000000 00000000 00001f80 0000ffff ................
0x1320f0c0: 00000000 00000000 00000000 00000000 ................
0x1320f0d0: 00000000 00000000 00000000 00000000 ................
0x1320f0e0: 00000000 00000000 00000000 00000000 ................
0x1320f0f0: 00000000 00000000 00000000 00000000 ................
0x1320f100: 00000000 00000000 00000000 00000000 ................
0x1320f110: 00000000 00000000 00000000 00000000 ................
0x1320f120: 00000000 00000000 00000000 00000000 ................
0x1320f130: 00000000 00000000 00000000 00000000 ................
0x1320f140: 4474b000 00000001 00000000 00000000 ..tD............
0x1320f150: 446cea08 00000001 00000000 00000000 ..lD............
0x1320f160: 00000000 00000000 00000000 00000000 ................
0x1320f170: 00000000 00000000 00000000 00000000 ................
0x1320f180: 00000000 00000000 00000000 00000000 ................
0x1320f190: 00000000 00000000 00000000 00000000 ................
0x1320f1a0: 00000000 00000000 00000000 00000000 ................
0x1320f1b0: 00000000 00000000 00000000 0000000c ................
0x1320f1c0: 00000000 00000000 00000000 00000010 ................
0x1320f1d0: 00000000 0000000c 00000000 00000000 ................
0x1320f1e0: 00000000 00000000 00000000 00000000 ................
0x1320f1f0: 00000000 00000000 00000000 00000000 ................
0x1320f200: 00000000 00000000 00000000 00000000 ................
0x1320f210: 00000000 00000000 00000000 00000000 ................
0x1320f220: 00000000 00000000 00000000 00000000 ................
0x1320f230: 00000000 00000000 00000000 00000000 ................
0x1320f240: 129cdad0 00000000 0000064f 00000000 ........O.......
0x1320f250: 129cdad0 00000000 00000000 00000000 ................
0x1320f260: 000003ff 00000000 000003ff 00000000 ................
0x1320f270: 129c5ac0 00000000 00000000 00000000 .Z..............
0x1320f280: 000003ff 00000000 000003ff 00000000 ................
0x1320f290: 00000000 00000001 00000000 00000000 ................
0x1320f2a0: 00000000 00000000 00000000 00000000 ................
0x1320f2b0: 129a7080 00000000 00000000 00000000 .p..............
0x1320f2c0: 000003ff 00000000 000000b3 00000000 ................
0x1320f2d0: 00000198 00000000 000003ff 00000000 ................
0x1320f2e0: 000003ff 00000000 00710150 00000000 ........P.q.....
0x1320f2f0: 129a7070 00000000 000003ff 00000000 pp..............
0x1320f300: 000000b3 00000000 00710150 00000000 ........P.q.....
0x1320f310: 00000000 00000000 00000000 00000000 ................
0x1320f320: 00008010 00000000 00000000 00000000 ................
0x1320f330: 00000000 00000000 00000000 00000000 ................
0x1320f340: 0000074e 00000000 0000001d 00000000 N...............
0x1320f350: 00717014 00000000 4900064f 00000000 .pq.....O..I....
0x1320f360: 0000064f 00000000 0000001c 00000000 O...............
0x1320f370: 00717074 00000000 55000550 00000000 tpq.....P..U....
0x1320f380: 00000000 00000000 00710150 00000000 ........P.q.....
0x1320f390: 00000000 00000000 b30000b3 00000000 ................
0x1320f3a0: 00000000 00000000 00000000 00000000 ................
0x1320f3b0: 00000000 00000000 b30000b3 00000000 ................
0x1320f3c0: 00000410 00000000 00000000 00000000 ................
0x1320f3d0: 00000000 00000000 55000550 00000000 ........P..U....
0x1320f3e0: 00008010 00000000 00008000 00000000 ................
0x1320f3f0: 00000000 00000000 00000001 00000000 ................
0x1320f400: 00000801 00000000 00000000 00000000 ................
0x1320f410: 00710000 00000000 a7a49725 00007ff9 ..q.....%.......
0x1320f420: 00710000 00000000 00800003 00000000 ..q.............
0x1320f430: 00008000 00000000 00008010 00000000 ................
0x1320f440: 00000000 00000000 1320f450 00000000 ........P. .....
0x1320f450: 00000003 00000000 00008010 00000000 ................
0x1320f460: 00000000 00000000 1320f470 00000000 ........p. .....
0x1320f470: 00000002 00010402 40a90050 00000001 ........P..@....
0x1320f480: a409a3a7 00007ff9 a4060000 00007ff9 ................
0x1320f490: a42a3bf8 00007ff9 40000000 00000001 .;*........@....
0x1320f4a0: 447b3f40 00000001 00000000 00000000 @?{D............
0x1320f4b0: 00710000 00000000 a7a49725 00007ff9 ..q.....%.......
0x1320f4c0: 0000040f 00000000 00000000 00000000 ................
0x1320f4d0: 00000000 00000000 00000490 00000000 ................
0x1320f4e0: 00008000 00000000 00710000 00000000 ..........q.....
0x1320f4f0: 129cdae0 00000000 a7a49dc6 00007ff9 ................
0x1320f500: 00000000 8be26c44 a7a4ec14 00007ff9 ....Dl..........
0x1320f510: 129cdae0 00000000 000000d1 00000000 ................
0x1320f520: 00150000 00000000 a7b8a460 00007ff9 ........`.......
0x1320f530: 00000000 00000000 00150000 00000000 ................
0x1320f540: 000000d1 00000000 a7a4eb04 00007ff9 ................
0x1320f550: 33b42cd7 0000025f 69b5b995 c802fd4b .,.3_......iK...
0x1320f560: 00000000 00000000 0000004e 00000000 ........N.......
0x1320f570: a7b916e4 00007ff9 00000000 00000000 ................
0x1320f580: 00000000 00000020 a7b630c0 00007ff9 .... ....0......
0x1320f590: 00000000 00000020 a7a3be9a 00007ff9 .... ...........
0x1320f5a0: 00002ab0 00000000 00000000 00000038 .*..........8...
0x1320f5b0: 00000000 00000000 446ce8c8 00000001 ..........lD....
0x1320f5c0: 00000000 00000030 00000008 00000000 ....0...........
0x1320f5d0: 0c8b0a00 00000000 a7a4922b 00007ff9 ........+.......
0x1320f5e0: 00000000 00000000 00150000 00000000 ................
0x1320f5f0: 00150cc0 00000000 00000001 00000009 ................
0x1320f600: 00000000 00000000 0000001f 80000000 ................
0x1320f610: 00000000 00000000 00000000 00000000 ................
0x1320f620: 00000000 00000000 00000000 00000000 ................
0x1320f630: 00000000 00000000 00000000 00000000 ................
0x1320f640: 00000000 00000000 000003d0 00000000 ................
0x1320f650: 000003c8 00000000 00000000 00000000 ................
0x1320f660: 00000000 00000000 00000000 00000008 ................
0x1320f670: 00000000 00000000 00000008 00000000 ................
0x1320f680: 00710000 00000000 a7a4922b 00007ff9 ..q.....+.......
0x1320f690: 00000022 00000000 00000000 00007ff9 "...............
0x1320f6a0: 000003c8 00000000 00000008 00007ff9 ................
0x1320f6b0: 00000000 00000000 0000000e 00007ff9 ................
0x1320f6c0: 00000002 00000000 00000000 00000000 ................
0x1320f6d0: 1320f730 00000000 41ef2df4 00007ff9 0. ......-.A....
0x1320f6e0: 00000000 00000000 00000002 00000000 ................
0x1320f6f0: 00000001 00000000 00000000 00000000 ................
0x1320f700: 1320f760 00000000 41ef2b42 00007ff9 `. .....B+.A....
0x1320f710: 1320f780 00000000 a7a383d0 00007ff9 .. .............
0x1320f720: 00306000 00000000 1320f730 00000000 .`0.....0. .....
0x1320f730: 0c8b15c0 00000000 41ef2c77 00007ff9 ........w,.A....
0x1320f740: 00000000 00000000 a7a383d0 00007ff9 ................
0x1320f750: 00306000 00000000 1320f760 00000000 .`0.....`. .....
0x1320f760: 00000004 00000004 0c8b15c0 00000000 ................
0x1320f770: 42eccd50 00007ff9 00000019 00000000 P..B............
0x1320f780: a7a30000 00007ff9 a7a3be11 00007ff9 ................
0x1320f790: 00000000 00000000 41ef3082 00007ff9 .........0.A....
0x1320f7a0: c0000026 00000000 a7a3bbce 00007ff9 &...............
0x1320f7b0: 00000005 00000000 00000005 00007ff9 ................
0x1320f7c0: 00000000 00000000 41ef2911 00007ff9 .........).A....
0x1320f7d0: fffffffe ffffffff 005b9028 005b902c ........(.[.,.[.
0x1320f7e0: 1320fe20 00000000 04fb5d00 00000000  . ......]......
0x1320f7f0: 06243080 00000000 06243220 00000000 .0$..... 2$.....
0x1320f800: 00000273 0000251d 00000000 00000000 s....%..........
0x1320f810: 00000000 ffffffff 4051e495 00000001 ..........Q@....
0x1320f820: 00000010 00000000 00000000 00000000 ................
0x1320f830: 123ff050 00000000 6ccfb340 00000000 P.?.....@..l....
0x1320f840: 80091584 00000000 00000054 00001d27 ........T...'...
0x1320f850: 1ab09d80 00000000 445ec3b0 00000001 ..........^D....
0x1320f860: 00000000 00000000 04cd9a00 00000000 ................
0x1320f870: 04ff22a0 00000000 00000000 00000000 ."..............
0x1320f880: 00000000 00000000 00000000 00000000 ................
0x1320f890: 00000000 00000000 088e96f0 00000000 ................
0x1320f8a0: 088ea630 00000000 00000000 00000000 0...............
0x1320f8b0: 00000000 00000000 00000000 00000000 ................
0x1320f8c0: 12402898 00000000 409bc4a1 00000001 .(@........@....
0x1320f8d0: 00000000 00000000 1320fa88 00000000 .......... .....
0x1320f8e0: 007165c0 00000000 4057c177 00000001 .eq.....w.W@....
0x1320f8f0: fffffffe ffffffff a7a690ce 00007ff9 ................
0x1320f900: 00712c30 00000000 00001f80 00000000 0,q.............
0x1320f910: 03e2e3c0 00000000 00000000 00000000 ................
0x1320f920: 00000000 00000000 00000000 00000000 ................
0x1320f930: 00000000 00000000 00000000 00000000 ................
0x1320f940: 00000000 00000000 00000000 00000000 ................
0x1320f950: 03e2d600 00000000 00000001 00000000 ................
0x1320f960: ffffffff 00000000 00000000 00000000 ................
0x1320f970: 00000000 00000000 00000000 00000000 ................
0x1320f980: 0000410c 00000000 a7a5ae51 00007ff9 .A......Q.......
0x1320f990: 0000410c 00000000 445ec460 00000001 .A......`.^D....
0x1320f9a0: 445e77e0 00000001 4057c02e 00000001 .w^D......W@....
0x1320f9b0: 00000000 00000000 1320fab0 00000000 .......... .....
0x1320f9c0: 00000000 00000000 00716fd0 00000000 .........oq.....
0x1320f9d0: 00716fd0 00000000 00040020 00000000 .oq..... .......
0x1320f9e0: 00004002 00000000 00710150 00000000 .@......P.q.....
0x1320f9f0: 000002fe 00000000 40a877f0 00000001 .........w.@....
0x1320fa00: 03c1fb20 00000000 0000002d 00000000  .......-.......
0x1320fa10: 00000000 00000000 00000000 00000000 ................
0x1320fa20: 03c1fb20 00000000 0000002d 00000000  .......-.......
0x1320fa30: c0e012cd 00006360 00150000 00000000 ....`c..........
0x1320fa40: 03c1bf20 00000000 40b0a012 00000001  ..........@....
0x1320fa50: 0c7078a0 00000000 00000000 00000000 .xp.............
0x1320fa60: 42d0a268 00000001 00000000 ffffffff h..B............
0x1320fa70: 00000001 4b4f4b4f 00000001 00000001 ....OKOK........
0x1320fa80: 00000000 00000000 00000010 00000010 ................
0x1320fa90: 00000012 00000012 1a4ca1e8 00000000 ..........L.....
0x1320faa0: 00000000 ffffffff 00000001 00000000 ................
0x1320fab0: 00000012 00000000 00000012 80000000 ................
0x1320fac0: 1a4ca230 00000000 00000000 ffffffff 0.L.............
0x1320fad0: 00000001 00000000 00000012 00000000 ................
0x1320fae0: 00000012 80000000 1a4ca278 00000000 ........x.L.....
0x1320faf0: 00000000 ffffffff 00000001 00000000 ................
0x1320fb00: 00000148 00000000 00000148 80000000 H.......H.......
0x1320fb10: 00000000 00000000 00000001 00000000 ................
0x1320fb20: 00000000 00000000 1a4e3b84 00000000 .........;N.....
0x1320fb30: 1a4e3c84 00000000 00000000 00000000 .<N.............
0x1320fb40: 00000000 00000000 00000000 00000000 ................
0x1320fb50: 1320fe10 00000000 124028a0 00000000 .. ......(@.....
0x1320fb60: 00000000 00000003 0000003a 00000001 ........:.......
0x1320fb70: 124028b0 00000000 00000000 00000000 .(@.............
0x1320fb80: 42cd4128 00000001 00000000 00000000 (A.B............
0x1320fb90: 05e4e6d0 00000000 00000001 00000000 ................
0x1320fba0: 124028a0 00000000 00306000 00000000 .(@......`0.....
0x1320fbb0: 1320fdc0 00000000 a40b3442 00007ff9 .. .....B4......
0x1320fbc0: 00000002 00000000 00000002 00000000 ................
0x1320fbd0: 05e4e6d0 00000000 00000000 00000000 ................
0x1320fbe0: 124028a0 00000000 40af5bec 00000001 .(@......[.@....
0x1320fbf0: 05e4e6e0 00000000 05e4e6d0 00000000 ................
0x1320fc00: 1320fdc0 00000000 05e4e6d0 00000000 .. .............
0x1320fc10: 000002fe 00000000 4900074e 00000001 ........N..I....
0x1320fc20: fffffffe ffffffff 00000026 00000000 ........&.......
0x1320fc30: 00000000 00000000 4900074e 00000001 ........N..I....
0x1320fc40: fffffffe ffffffff 00000000 ffffffff ................
0x1320fc50: 00000000 00000000 4057c177 00000001 ........w.W@....
0x1320fc60: 00000000 00000000 00000000 00000000 ................
0x1320fc70: fffffffe ffffffff 4900074e 00000000 ........N..I....
0x1320fc80: 42cd4128 00000001 43217fb8 00000001 (A.B......!C....
0x1320fc90: 05e4e6d0 00000000 124028a0 00000000 .........(@.....
0x1320fca0: 00000000 00000000 0000000d 00000000 ................
0x1320fcb0: 05e4e780 00000000 40afbd21 00000001 ........!..@....
0x1320fcc0: 00000000 00000000 00000000 00000000 ................
0x1320fcd0: 00000000 00000000 00000000 00000000 ................
0x1320fce0: 00000000 00000000 00000000 00000000 ................
0x1320fcf0: 00000000 00000000 00000000 00000000 ................
0x1320fd00: 00000000 00000000 00000000 00000000 ................
0x1320fd10: 00000000 00000000 00000000 00000000 ................
0x1320fd20: 00000000 00000000 00000000 00000000 ................
0x1320fd30: 00000000 00000000 00000000 00000000 ................
0x1320fd40: 00000000 00000000 00000000 00000000 ................
0x1320fd50: 00000000 00000000 00000000 00000000 ................
0x1320fd60: 00004308 00000000 42cd4128 00000001 .C......(A.B....
0x1320fd70: 43217fb8 00000001 00000000 00000000 ..!C............
0x1320fd80: 00000000 00000000 00000000 00000000 ................
0x1320fd90: 00000000 00000000 00000000 00000000 ................
0x1320fda0: 00000000 00000000 00000017 00000000 ................
0x1320fdb0: 00000000 00000000 00000000 00000000 ................
0x1320fdc0: 33b435a7 0000025f 00000000 00000000 .5.3_...........
0x1320fdd0: fffffffe ffffffff 05e4e780 00000000 ................
0x1320fde0: 00000000 00000000 646e6552 54207265 ........Render T
0x1320fdf0: 61657268 00000064 0000000d 00000000 hread...........
0x1320fe00: 00000000 ffffffff 00000044 00000000 ........D.......
0x1320fe10: 00000000 00000000 03e53300 00000000 .........3......
0x1320fe20: 406d1388 00000002 00000000 00000000 ..m@............
0x1320fe30: 00000000 ffffffff 00000044 00000001 ........D.......
0x1320fe40: 00001000 ffffffff 43248288 00000001 ..........$C....
0x1320fe50: c0e0024d 00006360 00000000 00000000 M...`c..........
0x1320fe60: 00000000 00000000 00000000 00000000 ................
0x1320fe70: 00000000 00000000 00000000 00000000 ................
0x1320fe80: 00000000 00000000 00000000 00000000 ................
0x1320fe90: 00000000 00000000 42204300 00000001 .........C B....
0x1320fea0: 07a97960 00000000 00000025 00000000 `y......%.......
0x1320feb0: 00000000 00000000 42211ceb 00000001 ..........!B....
0x1320fec0: 9dd2b256 0000681c 00000000 00000000 V....h..........
0x1320fed0: 0c280a40 00000000 07a97960 00000000 @.(.....`y......
0x1320fee0: 00000000 00000000 00000000 00000000 ................
0x1320fef0: 03e53380 00000000 42211e24 00000001 .3......$.!B....
0x1320ff00: 07a97960 00000000 00000000 00000000 `y..............
0x1320ff10: 00000000 00000000 00000000 00000000 ................
0x1320ff20: 00000000 00000000 40a87e68 00000001 ........h~.@....
0x1320ff30: 03e557c0 00000000 00000000 00000000 .W..............
0x1320ff40: 00000000 ffffffff 00000000 00000000 ................
0x1320ff50: 00000000 00000000 a5383034 00007ff9 ........408.....
0x1320ff60: 00000000 00000000 00000000 00000000 ................
0x1320ff70: 00000000 00000000 00000000 00000000 ................
0x1320ff80: 00000000 00000000 a7aa3691 00007ff9 .........6......
0x1320ff90: 00000000 00000000 00000000 00000000 ................
0x1320ffa0: 00000000 00000000 00000000 00000000 ................
0x1320ffb0: 00000000 00000000 a414bb60 00007ff9 ........`.......
0x1320ffc0: 1320d910 00000000 1320d910 00000000 .. ....... .....
0x1320ffd0: 00000000 00000000 00000000 00000000 ................
0x1320ffe0: 00000000 00000000 00000000 00000000 ................
0x1320fff0: 00000000 00000000 00000000 00000000 ................

Module 1
C:\Program Files\Unity\Editor\OpenRL_pthread.dll
Image Base: 0x80000000  Image Size: 0x0000f000
File Size:  42496       File Time:  2018-09-20_052224
Version:
   Company:    Open Source Software community LGPL
   Product:    POSIX Threads for Windows LPGL
   FileDesc:   MS C 32 bit
   FileVer:    2.9.0.0
   ProdVer:    2.9.0.0

Module 2
C:\Program Files\Unity\Editor\OpenRL.dll
Image Base: 0x80000000  Image Size: 0x00c30000
File Size:  12654592    File Time:  2018-09-20_052224
Version:
   Company:    Imagination Technologies, Inc.
   Product:    OpenRL™
   FileDesc:   OpenRL™ Library
   FileVer:    1.5.100.0
   ProdVer:    1.5.100.0

Module 3
C:\WINDOWS\SYSTEM32\xinput1_3.dll
Image Base: 0x00400000  Image Size: 0x0001e000
File Size:  107368      File Time:  2007-04-04_185422
Version:
   Company:    Microsoft Corporation
   Product:    Microsoft® DirectX for Windows®
   FileDesc:   Microsoft Common Controller API
   FileVer:    9.18.944.0
   ProdVer:    9.18.944.0

Module 4
C:\WINDOWS\SYSTEM32\MSVCR100.dll
Image Base: 0x5ee90000  Image Size: 0x000d2000
File Size:  829264      File Time:  2011-06-11_011538
Version:
   Company:    Microsoft Corporation
   Product:    Microsoft® Visual Studio® 2010
   FileDesc:   Microsoft® C Runtime Library
   FileVer:    10.0.40219.325
   ProdVer:    10.0.40219.325

Module 5
C:\WINDOWS\SYSTEM32\MSVCP100.dll
Image Base: 0x5ef70000  Image Size: 0x00098000
File Size:  608080      File Time:  2011-06-11_011538
Version:
   Company:    Microsoft Corporation
   Product:    Microsoft® Visual Studio® 2010
   FileDesc:   Microsoft® C Runtime Library
   FileVer:    10.0.40219.325
   ProdVer:    10.0.40219.325

Crash Report configuration:
 * App Name: Unity Editor
 * App Version: Unity 2018.2.10f1_674aa5a67ed5
 * Mono DLL: C:\Program Files\Unity\Editor\Data\Mono\EmbedRuntime\mono.dll
 * Bug Reporter App Path: "C:/Program Files/Unity/Editor/BugReporter/unity.bugreporter.exe" --bugtype crash --editor_mode "WebGLSupport" --unity_project "C:\Users\sabot\Documents\GitHub\PrudesVersusSluts\Mrooowr" <attachFile:--attach "<file>">
 * Crash Report Path: C:\Users\sabot\AppData\Local\Temp\Unity\Editor\Crashes
 * Is Editor: true

Crash Report metadata:
 * 'BuildGUID' = ''
 * 'CPU' = 'Intel(R) Core(TM) i7-8750H CPU @ 2.20GHz'
 * 'CloudUserId' = '74fb21ae61024234f84b652bd2144e4e'
 * 'DeviceId' = 'c7deda9905324306d8be8415f6660fb8d72d9e35'
 * 'DeviceModel' = 'AERO 15XV8 (GIGABYTE)'
 * 'Gfx' = 'Emulated GPU running OpenGL ES 2.0'
 * 'OS' = 'Windows 10  (10.0.0) 64bit'
 * 'PerformanceReportingEndpoint' = 'https://perf-events.cloud.unity3d.com/symbolicate'
 * 'PlatformId' = '7'
 * 'ProjectId' = '899789f9-e11d-4305-b4f9-df0c8c585897'
 * 'SdkVersion' = 'u2018.2.10f1'
 * 'SessionId' = '0'
 * 'Version' = '0.1'

Additional report files:
 * "C:\Users\sabot\AppData\Local\Unity\Editor\Editor.log" (Output log file)



== [end of error.log] ==
